2025-01-01 21:01:50,332 - dawn_latest - INFO - Scraping completed. Total articles scraped: 0
2025-01-01 21:03:27,805 - dawn_latest - INFO - Scraping completed. Total articles scraped: 0
2025-01-01 22:44:23,370 - dawn_latest - INFO - Starting daily latest news scrape
2025-01-01 22:44:23,401 - dawn_latest - INFO - Found 60 articles on latest news page
2025-01-01 22:44:25,444 - dawn_latest - INFO - Scraped article: India carrying out covert assassination campaigns in Pakistan: report
2025-01-01 22:44:27,947 - dawn_latest - INFO - Scraped article: Looking ahead
2025-01-01 22:44:29,045 - dawn_latest - INFO - Scraped article: None
2025-01-01 22:44:30,599 - dawn_latest - INFO - Scraped article: None
2025-01-01 22:44:30,946 - dawn_latest - INFO - Scraped article: None
2025-01-01 22:44:33,290 - dawn_latest - INFO - Scraped article: None
2025-01-01 22:44:34,227 - dawn_latest - INFO - Scraped article: None
2025-01-01 22:44:39,918 - dawn_latest - INFO - Scraped article: None
2025-01-01 22:44:40,076 - dawn_latest - INFO - Scraped article: Bulls celebrate new year with all-time high rally
2025-01-01 22:44:40,718 - dawn_latest - INFO - Scraped article: Sindh govt offers ‘last chance’ as Karachi continues to see traffic woes for 7th day due to MWM protests
2025-01-01 22:44:42,850 - dawn_latest - INFO - Scraped article: Five dead in Germany from new years fireworks accidents
2025-01-01 22:44:44,004 - dawn_latest - INFO - Scraped article: None
2025-01-01 22:44:46,060 - dawn_latest - INFO - Scraped article: South Korea says will send Jeju Air crash black box to US
2025-01-01 22:44:48,759 - dawn_latest - INFO - Scraped article: 26 injured in celebratory aerial firing on New Year’s Eve in Karachi
2025-01-01 22:44:50,509 - dawn_latest - INFO - Scraped article: None
2025-01-01 22:44:53,413 - dawn_latest - INFO - Scraped article: Attack, blasts claim lives of policeman, two others in KP
2025-01-01 22:44:56,517 - dawn_latest - INFO - Scraped article: Pildat calls for improving country’s democratic health
2025-01-01 22:44:58,943 - dawn_latest - INFO - Scraped article: LHC orders obtaining signature of military convict
2025-01-01 22:45:01,390 - dawn_latest - INFO - Scraped article: CM Bugti urges national unity to combat terrorism
2025-01-01 22:45:03,562 - dawn_latest - INFO - Scraped article: Iran aims to boost Pakistan trade to $10bn: envoy
2025-01-01 22:45:05,694 - dawn_latest - INFO - Scraped article: Three shot dead in Turbat, Panjgur
2025-01-01 22:45:08,799 - dawn_latest - INFO - Scraped article: 72 Afghan nationals arrested for ‘illegally entering’ Chagai
2025-01-01 22:45:10,879 - dawn_latest - INFO - Scraped article: Stock market ends 2024 with historic 84pc gain
2025-01-01 22:45:13,296 - dawn_latest - INFO - Scraped article: Co­­mpetition Commission of Pakistan imposed fines to tune of Rs275m in 2024
2025-01-01 22:45:15,811 - dawn_latest - INFO - Scraped article: New partnership aims to drive agri-tech innovation, entrepreneurship
2025-01-01 22:45:18,145 - dawn_latest - INFO - Scraped article: Govt, ADB sign $200m loan for power sector
2025-01-01 22:45:20,315 - dawn_latest - INFO - Scraped article: Power tariff to edge higher despite lower fuel costs
2025-01-01 22:45:23,538 - dawn_latest - INFO - Scraped article: FBR falls Rs386bn short of revenue target
2025-01-01 22:45:26,154 - dawn_latest - INFO - Scraped article: US Treasury accuses Chinese hackers of stealing papers
2025-01-01 22:45:27,746 - dawn_latest - INFO - Scraped article: Kung fu nuns kick off reopening of nunnery in Nepal
2025-01-01 22:45:30,700 - dawn_latest - INFO - Scraped article: End of Europe’s Russian gas era imminent amid Ukraine stalemate
2025-01-01 22:45:32,933 - dawn_latest - INFO - Scraped article: Declassified files show UK anger at France’s Chirac over Iraq
2025-01-01 22:45:35,875 - dawn_latest - INFO - Scraped article: Syria’s de facto leader holds talks with Kurds
2025-01-01 22:45:39,083 - dawn_latest - INFO - Scraped article: Trader shot dead in suspected targeted attack in Karachi
2025-01-01 22:45:40,977 - dawn_latest - INFO - Scraped article: Police action to clear Karachi roads of protesters sparks violence
2025-01-01 22:45:42,760 - dawn_latest - INFO - Scraped article: Karachi’s water crisis to ease with Hub Canal, KB Feeder projects: CM Sindh
2025-01-01 22:45:45,213 - dawn_latest - INFO - Scraped article: Three of a Chiniot family drown as car plunges into nullah
2025-01-01 22:45:47,854 - dawn_latest - INFO - Scraped article: FIA nabs ‘red book trafficker’ linked to Libya boat tragedy
2025-01-01 22:45:49,049 - dawn_latest - INFO - Scraped article: None
2025-01-01 22:45:50,771 - dawn_latest - INFO - Scraped article: Fog-related disruptions persist across Punjab: Rain likely in most districts from tomorrow
2025-01-01 22:45:53,642 - dawn_latest - INFO - Scraped article: Drug addict burnt alive in Faisalabad
2025-01-01 22:45:56,003 - dawn_latest - INFO - Scraped article: Rain, heavy snowfall expected in first week of January in western, upper areas
2025-01-01 22:45:58,497 - dawn_latest - INFO - Scraped article: Interior ministry wants NA body briefed on illegal allotment of plots in Islamabad’s NPF
2025-01-01 22:46:00,034 - dawn_latest - INFO - Scraped article: None
2025-01-01 22:46:01,084 - dawn_latest - INFO - Scraped article: Over 1,300 Rawalpindi police officials faced punishments in 2024
2025-01-01 22:46:03,032 - dawn_latest - INFO - Scraped article: NA body displeased over absence of power companies’ heads
2025-01-01 22:46:04,312 - dawn_latest - INFO - Scraped article: Terrorists from Afghanistan seize five checkposts in Bajaur, claims PTI MPA
2025-01-01 22:46:07,514 - dawn_latest - INFO - Scraped article: Funds for two major Balakot roads okayed
2025-01-01 22:46:08,834 - dawn_latest - INFO - Scraped article: Battagram, Swat residents hit hard by long power cuts
2025-01-01 22:46:10,332 - dawn_latest - INFO - Scraped article: None
2025-01-01 22:46:13,429 - dawn_latest - INFO - Scraped article: Chelsea’s title hopes rocked, United end miserable month with loss at home
2025-01-01 22:46:16,064 - dawn_latest - INFO - Scraped article: Djokovic and Sabalenka win, Perricard aces Kyrgios test
2025-01-01 22:46:18,954 - dawn_latest - INFO - Scraped article: PSB instructs provincial sports boards to scrutinise clubs
2025-01-01 22:46:24,776 - dawn_latest - INFO - Scraped article: CPI inflation clocks in at 4.1pc for December 2024 — lowest in nearly 7 years
2025-01-01 22:46:26,817 - dawn_latest - INFO - Scraped article: PM Shehbaz lauds economic progress, stresses need for export-led growth
2025-01-01 22:46:28,429 - dawn_latest - INFO - Scraped article: None
2025-01-01 22:46:34,728 - dawn_latest - INFO - Scraped article: Peace brokered in Kurram as warring sides sign agreement: KP govt spokesperson
2025-01-01 22:46:34,907 - dawn_latest - INFO - Scraping completed. Total articles scraped: 57
