2024-12-31 21:16:09,116 - dawn_latest - INFO - Starting daily latest news scrape
2024-12-31 21:16:09,178 - dawn_latest - INFO - Found 227 articles on latest news page
2024-12-31 21:16:11,599 - dawn_latest - INFO - Scraped article: None
2024-12-31 21:16:11,599 - dawn_latest - ERROR - Error parsing article https://www.dawn.com/news/1882269/chief-minister-of-indias-manipur-state-apologises-for-ethnic-unrest: 'NewsArticleItem does not support field: title'
2024-12-31 21:16:13,020 - dawn_latest - INFO - Scraped article: None
2024-12-31 21:16:13,020 - dawn_latest - ERROR - Error parsing article https://images.dawn.com/news/1193019/the-rise-and-fall-of-pakistani-cinema-culture: 'NewsArticleItem does not support field: title'
2024-12-31 21:16:14,049 - dawn_latest - INFO - Scraped article: None
2024-12-31 21:16:14,049 - dawn_latest - ERROR - Error parsing article https://www.dawn.com/news/1882230/xi-says-china-must-apply-more-proactive-macroeconomic-policies-in-2025: 'NewsArticleItem does not support field: title'
2024-12-31 21:16:16,515 - dawn_latest - INFO - Scraped article: None
2024-12-31 21:16:16,515 - dawn_latest - ERROR - Error parsing article https://www.dawn.com/news/1882226/london-mayor-sadiq-khan-handed-knighthood-as-over-1200-named-in-britains-new-year-honours: 'NewsArticleItem does not support field: title'
2024-12-31 21:16:19,268 - dawn_latest - INFO - Scraped article: None
2024-12-31 21:16:19,269 - dawn_latest - ERROR - Error parsing article https://www.dawn.com/news/1882265/thousands-march-in-bangladesh-to-mark-student-led-uprising-that-ousted-pm-hasina: 'NewsArticleItem does not support field: title'
2024-12-31 21:16:21,198 - dawn_latest - INFO - Scraped article: None
2024-12-31 21:16:21,198 - dawn_latest - ERROR - Error parsing article https://www.dawn.com/news/1882140/new-zealand-thump-sri-lanka-to-clinch-twenty20-series: 'NewsArticleItem does not support field: title'
2024-12-31 21:16:23,959 - dawn_latest - INFO - Scraped article: None
2024-12-31 21:16:23,959 - dawn_latest - ERROR - Error parsing article https://www.dawn.com/news/1882091/commissioner-takes-strict-notice-of-roads-dug-up-for-municipal-services-in-rawalpindi: 'NewsArticleItem does not support field: title'
2024-12-31 21:16:27,000 - dawn_latest - INFO - Scraped article: None
2024-12-31 21:16:27,002 - dawn_latest - ERROR - Error parsing article https://www.dawn.com/news/1882173/who-demands-gaza-hospital-chiefs-release: 'NewsArticleItem does not support field: title'
2024-12-31 21:16:30,017 - dawn_latest - INFO - Scraped article: None
2024-12-31 21:16:30,017 - dawn_latest - ERROR - Error parsing article https://www.dawn.com/news/1882180/kp-govt-hopes-kurram-peace-accord-will-be-inked-today: 'NewsArticleItem does not support field: title'
2024-12-31 21:16:32,967 - dawn_latest - INFO - Scraped article: None
2024-12-31 21:16:32,967 - dawn_latest - ERROR - Error parsing article https://www.dawn.com/news/1882183/polio-tally-climbs-to-68-on-cusp-of-new-year: 'NewsArticleItem does not support field: title'
2024-12-31 21:16:36,090 - dawn_latest - INFO - Scraped article: None
2024-12-31 21:16:36,091 - dawn_latest - ERROR - Error parsing article https://www.dawn.com/news/1882184/five-year-transformation-plan-for-economy-to-be-unveiled: 'NewsArticleItem does not support field: title'
2024-12-31 21:16:38,609 - dawn_latest - INFO - Scraped article: None
2024-12-31 21:16:38,609 - dawn_latest - ERROR - Error parsing article https://www.dawn.com/news/1882193/who-urges-china-to-share-covid-origins-data: 'NewsArticleItem does not support field: title'
2024-12-31 21:16:41,621 - dawn_latest - INFO - Scraped article: None
2024-12-31 21:16:41,622 - dawn_latest - ERROR - Error parsing article https://www.dawn.com/news/1882194/31-kurdish-turkish-backed-fighters-killed-in-syria: 'NewsArticleItem does not support field: title'
2024-12-31 21:16:44,231 - dawn_latest - INFO - Scraped article: None
2024-12-31 21:16:44,232 - dawn_latest - ERROR - Error parsing article https://www.dawn.com/news/1882158/gilani-stresses-political-stability-for-economic-growth: 'NewsArticleItem does not support field: title'
2024-12-31 21:16:46,432 - dawn_latest - INFO - Scraped article: None
2024-12-31 21:16:46,432 - dawn_latest - ERROR - Error parsing article https://www.dawn.com/news/1882154/balochistan-cm-launches-polio-drive-amid-rising-cases: 'NewsArticleItem does not support field: title'
2024-12-31 21:16:49,479 - dawn_latest - INFO - Scraped article: None
2024-12-31 21:16:49,479 - dawn_latest - ERROR - Error parsing article https://www.dawn.com/news/1881673/bencic-inspires-switzerland-to-united-cup-win-over-france: 'NewsArticleItem does not support field: title'
2024-12-31 21:16:51,078 - dawn_latest - INFO - Scraped article: None
2024-12-31 21:16:51,078 - dawn_latest - ERROR - Error parsing article https://www.dawn.com/news/1881842/iran-says-one-arrested-after-suicide-blast-kills-officer: 'NewsArticleItem does not support field: title'
2024-12-31 21:16:52,361 - dawn_latest - INFO - Scraped article: None
2024-12-31 21:16:52,361 - dawn_latest - ERROR - Error parsing article https://www.dawn.com/news/1881778/179-dead-2-rescued-in-south-koreas-worst-aviation-disaster: 'NewsArticleItem does not support field: title'
2024-12-31 21:16:54,752 - dawn_latest - INFO - Scraped article: None
2024-12-31 21:16:54,752 - dawn_latest - ERROR - Error parsing article https://www.dawn.com/news/1881955/unesco-listed-musical-instrument-rubab-stifled-in-afghanistan: 'NewsArticleItem does not support field: title'
2024-12-31 21:16:57,423 - dawn_latest - INFO - Scraped article: None
2024-12-31 21:16:57,423 - dawn_latest - ERROR - Error parsing article https://www.dawn.com/news/1882026/belgium-becomes-first-eu-country-to-ban-disposable-e-cigarettes: 'NewsArticleItem does not support field: title'
2024-12-31 21:16:59,385 - dawn_latest - INFO - Scraped article: None
2024-12-31 21:16:59,386 - dawn_latest - ERROR - Error parsing article https://www.dawn.com/news/1882004/jimmy-carter-former-us-president-and-nobel-peace-prize-recipient-dies-at-100: 'NewsArticleItem does not support field: title'
2024-12-31 21:17:01,085 - dawn_latest - INFO - Scraped article: None
2024-12-31 21:17:01,085 - dawn_latest - ERROR - Error parsing article https://www.dawn.com/news/1881744/power-minister-awais-recalls-struggle-to-reform-power-sector-amid-chronic-issues: 'NewsArticleItem does not support field: title'
2024-12-31 21:17:02,983 - dawn_latest - INFO - Scraped article: None
2024-12-31 21:17:02,983 - dawn_latest - ERROR - Error parsing article https://www.dawn.com/news/1881895: 'NewsArticleItem does not support field: title'
2024-12-31 21:17:06,050 - dawn_latest - INFO - Scraped article: None
2024-12-31 21:17:06,050 - dawn_latest - ERROR - Error parsing article https://www.dawn.com/news/1882166/pakistan-business-forum-opposes-unconstitutional-curbs-seeks-simplified-tax-return: 'NewsArticleItem does not support field: title'
2024-12-31 21:17:08,268 - dawn_latest - INFO - Scraped article: None
2024-12-31 21:17:08,281 - dawn_latest - ERROR - Error parsing article https://www.dawn.com/news/1882165/ubl-arranges-300m-loan-for-pakistan: 'NewsArticleItem does not support field: title'
2024-12-31 21:17:08,281 - dawn_latest - INFO - Scraping completed. Total articles scraped: 25
2024-12-31 21:19:40,284 - dawn_latest - INFO - Starting daily latest news scrape
2024-12-31 21:19:40,330 - dawn_latest - INFO - Found 2361 articles on latest news page
2024-12-31 21:19:40,428 - dawn_latest - INFO - Scraping completed. Total articles scraped: 0
2024-12-31 21:20:14,086 - dawn_latest - INFO - Starting daily latest news scrape
2024-12-31 21:20:14,151 - dawn_latest - INFO - Found 2361 articles on latest news page
2024-12-31 21:20:14,167 - dawn_latest - INFO - Scraping completed. Total articles scraped: 0
2024-12-31 21:22:41,954 - dawn_latest - INFO - Starting daily latest news scrape
2024-12-31 21:22:42,016 - dawn_latest - INFO - Found 2361 articles on latest news page
2024-12-31 21:22:42,047 - dawn_latest - INFO - Scraping completed. Total articles scraped: 0
2024-12-31 21:23:13,005 - dawn_latest - INFO - Starting daily latest news scrape
2024-12-31 21:23:13,051 - dawn_latest - INFO - Found 2361 articles on latest news page
2024-12-31 21:23:13,051 - dawn_latest - INFO - Scraping completed. Total articles scraped: 0
2024-12-31 21:24:25,136 - dawn_latest - INFO - Starting daily latest news scrape
2024-12-31 21:24:25,201 - dawn_latest - INFO - Found 60 articles on latest news page
2024-12-31 21:24:25,297 - dawn_latest - INFO - Scraping completed. Total articles scraped: 0
2024-12-31 22:25:21,658 - dawn_latest - INFO - Starting daily latest news scrape
2024-12-31 22:25:21,686 - dawn_latest - INFO - Found 60 articles on latest news page
2024-12-31 22:25:25,540 - dawn_latest - INFO - Scraped article: None
2024-12-31 22:25:25,540 - dawn_latest - ERROR - Error parsing article https://images.dawn.com/news/1193103/angelina-jolie-brad-pitt-reach-divorce-settlement-ending-eight-year-dispute: 'NewsArticleItem does not support field: title'
2024-12-31 22:25:26,486 - dawn_latest - INFO - Scraped article: None
2024-12-31 22:25:26,486 - dawn_latest - ERROR - Error parsing article https://www.dawn.com/news/1882274/puerto-ricos-power-grid-collapses-leaving-island-in-the-dark: 'NewsArticleItem does not support field: title'
2024-12-31 22:25:26,889 - dawn_latest - INFO - Scraped article: None
2024-12-31 22:25:26,889 - dawn_latest - ERROR - Error parsing article https://www.dawn.com/news/1882240/gb-court-sentences-ex-cm-khalid-khurshid-to-34-years-of-jail-for-threatening-security-institutions: 'NewsArticleItem does not support field: title'
2024-12-31 22:25:27,040 - dawn_latest - INFO - Scraped article: None
2024-12-31 22:25:27,040 - dawn_latest - ERROR - Error parsing article https://images.dawn.com/news/1193088/4am-meetings-slipping-dupattas-and-cricketers-behaving-badly-the-most-read-dawn-images-stories-of-2024: 'NewsArticleItem does not support field: title'
2024-12-31 22:25:29,417 - dawn_latest - INFO - Scraped article: None
2024-12-31 22:25:29,417 - dawn_latest - ERROR - Error parsing article https://images.dawn.com/news/1193019/the-rise-and-fall-of-pakistani-cinema-culture: 'NewsArticleItem does not support field: title'
2024-12-31 22:25:29,671 - dawn_latest - INFO - Scraped article: None
2024-12-31 22:25:29,671 - dawn_latest - ERROR - Error parsing article https://www.dawn.com/news/1882244/north-koreas-kim-vows-to-further-solidify-russia-ties-in-letter-to-putin: 'NewsArticleItem does not support field: title'
2024-12-31 22:25:32,201 - dawn_latest - INFO - Scraped article: None
2024-12-31 22:25:32,201 - dawn_latest - ERROR - Error parsing article https://www.dawn.com/news/1882247/un-condemns-taliban-ban-on-afghan-women-working-at-ngos: 'NewsArticleItem does not support field: title'
2024-12-31 22:25:34,817 - dawn_latest - INFO - Scraped article: None
2024-12-31 22:25:34,817 - dawn_latest - ERROR - Error parsing article https://www.dawn.com/news/1882254/govt-unveils-uraan-pakistan-5-year-transformation-plan-for-economy: 'NewsArticleItem does not support field: title'
2024-12-31 22:25:36,700 - dawn_latest - INFO - Scraped article: None
2024-12-31 22:25:36,700 - dawn_latest - ERROR - Error parsing article https://www.dawn.com/news/1882265/thousands-march-in-bangladesh-to-mark-student-led-uprising-that-ousted-pm-hasina: 'NewsArticleItem does not support field: title'
2024-12-31 22:25:39,083 - dawn_latest - INFO - Scraped article: None
2024-12-31 22:25:39,083 - dawn_latest - ERROR - Error parsing article https://www.dawn.com/news/1882269/chief-minister-of-indias-manipur-state-apologises-for-ethnic-unrest: 'NewsArticleItem does not support field: title'
2024-12-31 22:25:42,050 - dawn_latest - INFO - Scraped article: None
2024-12-31 22:25:42,050 - dawn_latest - ERROR - Error parsing article https://www.dawn.com/news/1882201/chinese-teens-jailed-for-classmates-murder: 'NewsArticleItem does not support field: title'
2024-12-31 22:25:44,730 - dawn_latest - INFO - Scraped article: None
2024-12-31 22:25:44,746 - dawn_latest - ERROR - Error parsing article https://www.dawn.com/news/1882204/russia-ukraine-exchange-over-300-pows: 'NewsArticleItem does not support field: title'
2024-12-31 22:25:48,096 - dawn_latest - INFO - Scraped article: None
2024-12-31 22:25:48,096 - dawn_latest - ERROR - Error parsing article https://www.dawn.com/news/1882192: 'NewsArticleItem does not support field: title'
2024-12-31 22:25:50,580 - dawn_latest - INFO - Scraped article: None
2024-12-31 22:25:50,580 - dawn_latest - ERROR - Error parsing article https://www.dawn.com/news/1882191/happy-new-year-from-death-row: 'NewsArticleItem does not support field: title'
2024-12-31 22:25:52,730 - dawn_latest - INFO - Scraped article: None
2024-12-31 22:25:52,730 - dawn_latest - ERROR - Error parsing article https://www.dawn.com/news/1882230/xi-says-china-must-apply-more-proactive-macroeconomic-policies-in-2025: 'NewsArticleItem does not support field: title'
2024-12-31 22:25:55,576 - dawn_latest - INFO - Scraped article: None
2024-12-31 22:25:55,576 - dawn_latest - ERROR - Error parsing article https://www.dawn.com/news/1882160/2024-was-deadliest-year-for-pakistans-security-forces: 'NewsArticleItem does not support field: title'
2024-12-31 22:25:58,815 - dawn_latest - INFO - Scraped article: None
2024-12-31 22:25:58,815 - dawn_latest - ERROR - Error parsing article https://www.dawn.com/news/1882158/gilani-stresses-political-stability-for-economic-growth: 'NewsArticleItem does not support field: title'
2024-12-31 22:25:59,931 - dawn_latest - INFO - Scraped article: None
2024-12-31 22:25:59,931 - dawn_latest - ERROR - Error parsing article https://www.dawn.com/news/1882157/over-10000-deported-from-iran-have-their-passports-blocked: 'NewsArticleItem does not support field: title'
2024-12-31 22:26:02,806 - dawn_latest - INFO - Scraped article: None
2024-12-31 22:26:02,806 - dawn_latest - ERROR - Error parsing article https://www.dawn.com/news/1882156/balochistan-lawmakers-hail-benazir-for-her-courageous-leadership: 'NewsArticleItem does not support field: title'
2024-12-31 22:26:05,229 - dawn_latest - INFO - Scraped article: None
2024-12-31 22:26:05,229 - dawn_latest - ERROR - Error parsing article https://www.dawn.com/news/1882155/president-zardari-orders-six-banks-to-pay-rs2413m-to-31-victims-of-fraud: 'NewsArticleItem does not support field: title'
2024-12-31 22:26:07,345 - dawn_latest - INFO - Scraped article: None
2024-12-31 22:26:07,345 - dawn_latest - ERROR - Error parsing article https://www.dawn.com/news/1882154/balochistan-cm-launches-polio-drive-amid-rising-cases: 'NewsArticleItem does not support field: title'
2024-12-31 22:26:10,330 - dawn_latest - INFO - Scraped article: None
2024-12-31 22:26:10,330 - dawn_latest - ERROR - Error parsing article https://www.dawn.com/news/1882153/hub-sit-in-ends-after-release-of-missing-persons: 'NewsArticleItem does not support field: title'
2024-12-31 22:26:11,837 - dawn_latest - INFO - Scraped article: None
2024-12-31 22:26:11,837 - dawn_latest - ERROR - Error parsing article https://www.dawn.com/news/1882148/wapda-retain-national-womens-basketball-title: 'NewsArticleItem does not support field: title'
2024-12-31 22:26:13,655 - dawn_latest - INFO - Scraped article: None
2024-12-31 22:26:13,655 - dawn_latest - ERROR - Error parsing article https://www.dawn.com/news/1882147/five-star-liverpool-thrash-west-ham-to-stretch-premier-league-lead: 'NewsArticleItem does not support field: title'
2024-12-31 22:26:16,067 - dawn_latest - INFO - Scraped article: None
2024-12-31 22:26:16,083 - dawn_latest - ERROR - Error parsing article https://www.dawn.com/news/1882146/sialkot-book-quaid-trophy-final-date-with-peshawar: 'NewsArticleItem does not support field: title'
2024-12-31 22:26:18,938 - dawn_latest - INFO - Scraped article: None
2024-12-31 22:26:18,938 - dawn_latest - ERROR - Error parsing article https://www.dawn.com/news/1882140/new-zealand-thump-sri-lanka-to-clinch-twenty20-series: 'NewsArticleItem does not support field: title'
2024-12-31 22:26:21,039 - dawn_latest - INFO - Scraped article: None
2024-12-31 22:26:21,039 - dawn_latest - ERROR - Error parsing article https://www.dawn.com/news/1882135/difference-in-market-official-rate-of-flour-other-food-items-exposes-govt-failure-in-karachi: 'NewsArticleItem does not support field: title'
2024-12-31 22:26:23,947 - dawn_latest - INFO - Scraped article: None
2024-12-31 22:26:23,947 - dawn_latest - ERROR - Error parsing article https://www.dawn.com/news/1882134/with-149-outbreaks-in-sindh-deadly-measles-makes-a-comeback: 'NewsArticleItem does not support field: title'
2024-12-31 22:26:26,454 - dawn_latest - INFO - Scraped article: None
2024-12-31 22:26:26,454 - dawn_latest - ERROR - Error parsing article https://www.dawn.com/news/1882132/traffic-woes-continue-in-karachi-as-mwm-protests-enter-second-week: 'NewsArticleItem does not support field: title'
2024-12-31 22:26:28,555 - dawn_latest - INFO - Scraped article: None
2024-12-31 22:26:28,555 - dawn_latest - ERROR - Error parsing article https://www.dawn.com/news/1882123/multans-nishtar-medics-quit-to-protest-vc-removal: 'NewsArticleItem does not support field: title'
2024-12-31 22:26:31,578 - dawn_latest - INFO - Scraped article: None
2024-12-31 22:26:31,578 - dawn_latest - ERROR - Error parsing article https://www.dawn.com/news/1882111/bahawalpur-suspect-wanted-in-34-cases-killed-by-accomplices: 'NewsArticleItem does not support field: title'
2024-12-31 22:26:34,056 - dawn_latest - INFO - Scraped article: None
2024-12-31 22:26:34,057 - dawn_latest - ERROR - Error parsing article https://www.dawn.com/news/1882106/four-lahore-cops-booked-for-robbing-harassing-ex-officer: 'NewsArticleItem does not support field: title'
2024-12-31 22:26:36,887 - dawn_latest - INFO - Scraped article: None
2024-12-31 22:26:36,887 - dawn_latest - ERROR - Error parsing article https://www.dawn.com/news/1882086/dir-police-officials-demand-allowance-for-polio-duty: 'NewsArticleItem does not support field: title'
2024-12-31 22:26:39,708 - dawn_latest - INFO - Scraped article: None
2024-12-31 22:26:39,709 - dawn_latest - ERROR - Error parsing article https://www.dawn.com/news/1882084/kp-assembly-speaker-orders-security-briefing-by-police-chief-amid-concerns: 'NewsArticleItem does not support field: title'
2024-12-31 22:26:42,671 - dawn_latest - INFO - Scraped article: None
2024-12-31 22:26:42,672 - dawn_latest - ERROR - Error parsing article https://www.dawn.com/news/1882079/health-dept-fails-to-take-action-on-corruption-probes-against-officials-in-kp: 'NewsArticleItem does not support field: title'
2024-12-31 22:26:44,798 - dawn_latest - INFO - Scraped article: None
2024-12-31 22:26:44,801 - dawn_latest - ERROR - Error parsing article https://www.dawn.com/news/1882074/bannu-residents-protest-killing-of-two-brothers-by-police: 'NewsArticleItem does not support field: title'
2024-12-31 22:26:47,705 - dawn_latest - INFO - Scraped article: None
2024-12-31 22:26:47,706 - dawn_latest - ERROR - Error parsing article https://www.dawn.com/news/1882105/islamabads-10th-avenue-project-jumps-extended-deadline: 'NewsArticleItem does not support field: title'
2024-12-31 22:26:50,470 - dawn_latest - INFO - Scraped article: None
2024-12-31 22:26:50,471 - dawn_latest - ERROR - Error parsing article https://www.dawn.com/news/1882101/overseas-pakistanis-drawn-to-c-14-plots-in-islamabad: 'NewsArticleItem does not support field: title'
2024-12-31 22:26:53,238 - dawn_latest - INFO - Scraped article: None
2024-12-31 22:26:53,238 - dawn_latest - ERROR - Error parsing article https://www.dawn.com/news/1882091/commissioner-takes-strict-notice-of-roads-dug-up-for-municipal-services-in-rawalpindi: 'NewsArticleItem does not support field: title'
2024-12-31 22:26:56,151 - dawn_latest - INFO - Scraped article: None
2024-12-31 22:26:56,152 - dawn_latest - ERROR - Error parsing article https://www.dawn.com/news/1882172/climate-change-impacts-grip-globe-in-2024: 'NewsArticleItem does not support field: title'
2024-12-31 22:26:57,266 - dawn_latest - INFO - Scraped article: None
2024-12-31 22:26:57,267 - dawn_latest - ERROR - Error parsing article https://images.dawn.com/news/1193102/five-people-charged-in-argentina-in-connection-with-liam-paynes-death: 'NewsArticleItem does not support field: title'
2024-12-31 22:26:59,018 - dawn_latest - INFO - Scraped article: None
2024-12-31 22:26:59,018 - dawn_latest - ERROR - Error parsing article https://www.dawn.com/news/1882173/who-demands-gaza-hospital-chiefs-release: 'NewsArticleItem does not support field: title'
2024-12-31 22:27:01,484 - dawn_latest - INFO - Scraped article: None
2024-12-31 22:27:01,485 - dawn_latest - ERROR - Error parsing article https://www.dawn.com/news/1882177/south-korea-orders-safety-probe-after-deadly-airline-crash: 'NewsArticleItem does not support field: title'
2024-12-31 22:27:02,733 - dawn_latest - INFO - Scraped article: None
2024-12-31 22:27:02,733 - dawn_latest - ERROR - Error parsing article https://www.dawn.com/news/1882180/kp-govt-hopes-kurram-peace-accord-will-be-inked-today: 'NewsArticleItem does not support field: title'
2024-12-31 22:27:05,260 - dawn_latest - INFO - Scraped article: None
2024-12-31 22:27:05,261 - dawn_latest - ERROR - Error parsing article https://www.dawn.com/news/1882181/20-killed-over-30-injured-in-two-road-tragedies: 'NewsArticleItem does not support field: title'
2024-12-31 22:27:08,130 - dawn_latest - INFO - Scraped article: None
2024-12-31 22:27:08,130 - dawn_latest - ERROR - Error parsing article https://www.dawn.com/news/1882183/polio-tally-climbs-to-68-on-cusp-of-new-year: 'NewsArticleItem does not support field: title'
2024-12-31 22:27:10,760 - dawn_latest - INFO - Scraped article: None
2024-12-31 22:27:10,761 - dawn_latest - ERROR - Error parsing article https://www.dawn.com/news/1882184/five-year-transformation-plan-for-economy-to-be-unveiled: 'NewsArticleItem does not support field: title'
2024-12-31 22:27:13,083 - dawn_latest - INFO - Scraped article: None
2024-12-31 22:27:13,083 - dawn_latest - ERROR - Error parsing article https://www.dawn.com/news/1882185/imran-retained-108-toshakhana-gifts-court-told: 'NewsArticleItem does not support field: title'
2024-12-31 22:27:15,131 - dawn_latest - INFO - Scraped article: None
2024-12-31 22:27:15,131 - dawn_latest - ERROR - Error parsing article https://www.dawn.com/news/1882193/who-urges-china-to-share-covid-origins-data: 'NewsArticleItem does not support field: title'
2024-12-31 22:27:17,953 - dawn_latest - INFO - Scraped article: None
2024-12-31 22:27:17,953 - dawn_latest - ERROR - Error parsing article https://www.dawn.com/news/1882194/31-kurdish-turkish-backed-fighters-killed-in-syria: 'NewsArticleItem does not support field: title'
2024-12-31 22:27:20,975 - dawn_latest - INFO - Scraped article: None
2024-12-31 22:27:20,975 - dawn_latest - ERROR - Error parsing article https://www.dawn.com/news/1882198/study-cautions-against-perils-of-ai-driven-intention-economy: 'NewsArticleItem does not support field: title'
2024-12-31 22:27:22,290 - dawn_latest - INFO - Scraped article: None
2024-12-31 22:27:22,291 - dawn_latest - ERROR - Error parsing article https://www.dawn.com/news/1882199/germany-accuses-musk-of-trying-to-influence-polls: 'NewsArticleItem does not support field: title'
2024-12-31 22:27:24,273 - dawn_latest - INFO - Scraped article: None
2024-12-31 22:27:24,273 - dawn_latest - ERROR - Error parsing article https://www.dawn.com/news/1882188: 'NewsArticleItem does not support field: title'
2024-12-31 22:27:26,948 - dawn_latest - INFO - Scraped article: None
2024-12-31 22:27:26,948 - dawn_latest - ERROR - Error parsing article https://www.dawn.com/news/1882226/london-mayor-sadiq-khan-handed-knighthood-as-over-1200-named-in-britains-new-year-honours: 'NewsArticleItem does not support field: title'
2024-12-31 22:27:30,022 - dawn_latest - INFO - Scraped article: None
2024-12-31 22:27:30,022 - dawn_latest - ERROR - Error parsing article https://www.dawn.com/news/1881836/honour-crimes-continued-to-persist-in-2024-threatening-pakistani-womens-lives: 'NewsArticleItem does not support field: title'
2024-12-31 22:27:33,326 - dawn_latest - INFO - Scraped article: None
2024-12-31 22:27:33,327 - dawn_latest - ERROR - Error parsing article https://www.dawn.com/news/1881455/balochistan-in-2024-the-year-of-the-women: 'NewsArticleItem does not support field: title'
2024-12-31 22:27:35,796 - dawn_latest - INFO - Scraped article: None
2024-12-31 22:27:35,796 - dawn_latest - ERROR - Error parsing article https://www.dawn.com/news/1882237/china-slams-groundless-claims-of-cyberattack-on-us-treasury: 'NewsArticleItem does not support field: title'
2024-12-31 22:27:37,343 - dawn_latest - INFO - Scraped article: None
2024-12-31 22:27:37,344 - dawn_latest - ERROR - Error parsing article https://www.dawn.com/news/1882233/protests-against-parachinar-killings-ease-in-karachi-as-several-routes-reopen: 'NewsArticleItem does not support field: title'
2024-12-31 22:27:40,300 - dawn_latest - INFO - Scraped article: None
2024-12-31 22:27:40,301 - dawn_latest - ERROR - Error parsing article https://www.dawn.com/news/1882239/will-psx-sustain-its-bullish-momentum-in-2025: 'NewsArticleItem does not support field: title'
2024-12-31 22:27:42,557 - dawn_latest - INFO - Scraped article: None
2024-12-31 22:27:42,558 - dawn_latest - ERROR - Error parsing article https://www.dawn.com/news/1882235/south-korea-starts-releasing-jeju-air-crash-victims-to-families: 'NewsArticleItem does not support field: title'
2024-12-31 22:27:42,561 - dawn_latest - INFO - Scraping completed. Total articles scraped: 60
2024-12-31 22:38:10,375 - dawn_latest - INFO - Starting daily latest news scrape
2024-12-31 22:38:10,414 - dawn_latest - INFO - Found 60 articles on latest news page
2024-12-31 22:38:10,461 - dawn_latest - INFO - Scraping completed. Total articles scraped: 0
2024-12-31 22:50:53,059 - dawn_latest - INFO - Starting daily latest news scrape
2024-12-31 22:50:53,121 - dawn_latest - INFO - Found 60 articles on latest news page
2024-12-31 22:50:53,152 - dawn_latest - INFO - Scraping completed. Total articles scraped: 0
2024-12-31 22:51:56,872 - dawn_latest - INFO - Starting daily latest news scrape
2024-12-31 22:51:56,957 - dawn_latest - INFO - Found 60 articles on latest news page
2024-12-31 22:52:02,390 - dawn_latest - ERROR - Error parsing article https://www.dawn.com/news/1881836/honour-crimes-continued-to-persist-in-2024-threatening-pakistani-womens-lives: Expected selector, got <DELIM '/' at 0>
2024-12-31 22:52:02,390 - dawn_latest - ERROR - Error parsing article https://www.dawn.com/news/1882274/puerto-ricos-power-grid-collapses-leaving-island-in-the-dark: Expected selector, got <DELIM '/' at 0>
2024-12-31 22:52:02,589 - dawn_latest - ERROR - Error parsing article https://images.dawn.com/news/1193102/five-people-charged-in-argentina-in-connection-with-liam-paynes-death: Expected selector, got <DELIM '/' at 0>
2024-12-31 22:52:04,068 - dawn_latest - ERROR - Error parsing article https://www.dawn.com/news/1882226/london-mayor-sadiq-khan-handed-knighthood-as-over-1200-named-in-britains-new-year-honours: Expected selector, got <DELIM '/' at 0>
2024-12-31 22:52:04,411 - dawn_latest - ERROR - Error parsing article https://images.dawn.com/news/1193103/angelina-jolie-brad-pitt-reach-divorce-settlement-ending-eight-year-dispute: Expected selector, got <DELIM '/' at 0>
2024-12-31 22:52:04,708 - dawn_latest - ERROR - Error parsing article https://www.dawn.com/news/1881455/balochistan-in-2024-the-year-of-the-women: Expected selector, got <DELIM '/' at 0>
2024-12-31 22:52:07,057 - dawn_latest - ERROR - Error parsing article https://images.dawn.com/news/1193088/4am-meetings-slipping-dupattas-and-cricketers-behaving-badly-the-most-read-dawn-images-stories-of-2024: Expected selector, got <DELIM '/' at 0>
2024-12-31 22:52:07,603 - dawn_latest - ERROR - Error parsing article https://www.dawn.com/news/1882237/china-slams-groundless-claims-of-cyberattack-on-us-treasury: Expected selector, got <DELIM '/' at 0>
2024-12-31 22:52:13,581 - dawn_latest - ERROR - Error parsing article https://www.dawn.com/news/1882239/will-psx-sustain-its-bullish-momentum-in-2025: Expected selector, got <DELIM '/' at 0>
2024-12-31 22:52:14,914 - dawn_latest - ERROR - Error parsing article https://www.dawn.com/news/1882233/protests-against-parachinar-killings-ease-in-karachi-as-several-routes-reopen: Expected selector, got <DELIM '/' at 0>
2024-12-31 22:52:16,588 - dawn_latest - ERROR - Error parsing article https://www.dawn.com/news/1882235/south-korea-starts-releasing-jeju-air-crash-victims-to-families: Expected selector, got <DELIM '/' at 0>
2024-12-31 22:52:17,198 - dawn_latest - ERROR - Error parsing article https://www.dawn.com/news/1882240/gb-court-sentences-ex-cm-khalid-khurshid-to-34-years-of-jail-for-threatening-security-institutions: Expected selector, got <DELIM '/' at 0>
2024-12-31 22:52:30,882 - dawn_latest - ERROR - Error parsing article https://www.dawn.com/news/1882254/govt-unveils-uraan-pakistan-5-year-transformation-plan-for-economy: Expected selector, got <DELIM '/' at 0>
2024-12-31 22:52:32,279 - dawn_latest - ERROR - Error parsing article https://www.dawn.com/news/1882247/un-condemns-taliban-ban-on-afghan-women-working-at-ngos: Expected selector, got <DELIM '/' at 0>
2024-12-31 22:52:36,981 - dawn_latest - ERROR - Error parsing article https://www.dawn.com/news/1882244/north-koreas-kim-vows-to-further-solidify-russia-ties-in-letter-to-putin: Expected selector, got <DELIM '/' at 0>
2024-12-31 22:52:37,342 - dawn_latest - ERROR - Error parsing article https://www.dawn.com/news/1882156/balochistan-lawmakers-hail-benazir-for-her-courageous-leadership: Expected selector, got <DELIM '/' at 0>
2024-12-31 22:52:38,577 - dawn_latest - ERROR - Error parsing article https://www.dawn.com/news/1882155/president-zardari-orders-six-banks-to-pay-rs2413m-to-31-victims-of-fraud: Expected selector, got <DELIM '/' at 0>
2024-12-31 22:52:40,730 - dawn_latest - ERROR - Error parsing article https://www.dawn.com/news/1882153/hub-sit-in-ends-after-release-of-missing-persons: Expected selector, got <DELIM '/' at 0>
2024-12-31 22:52:40,885 - dawn_latest - ERROR - Error parsing article https://www.dawn.com/news/1882157/over-10000-deported-from-iran-have-their-passports-blocked: Expected selector, got <DELIM '/' at 0>
2024-12-31 22:52:45,012 - dawn_latest - ERROR - Error parsing article https://www.dawn.com/news/1882154/balochistan-cm-launches-polio-drive-amid-rising-cases: Expected selector, got <DELIM '/' at 0>
2024-12-31 22:52:47,750 - dawn_latest - ERROR - Error parsing article https://www.dawn.com/news/1882148/wapda-retain-national-womens-basketball-title: Expected selector, got <DELIM '/' at 0>
2024-12-31 22:52:50,105 - dawn_latest - ERROR - Error parsing article https://www.dawn.com/news/1882147/five-star-liverpool-thrash-west-ham-to-stretch-premier-league-lead: Expected selector, got <DELIM '/' at 0>
2024-12-31 22:52:50,466 - dawn_latest - ERROR - Error parsing article https://www.dawn.com/news/1882146/sialkot-book-quaid-trophy-final-date-with-peshawar: Expected selector, got <DELIM '/' at 0>
2024-12-31 22:52:50,497 - dawn_latest - ERROR - Error parsing article https://www.dawn.com/news/1882140/new-zealand-thump-sri-lanka-to-clinch-twenty20-series: Expected selector, got <DELIM '/' at 0>
2024-12-31 22:53:03,600 - dawn_latest - ERROR - Error parsing article https://www.dawn.com/news/1882132/traffic-woes-continue-in-karachi-as-mwm-protests-enter-second-week: Expected selector, got <DELIM '/' at 0>
2024-12-31 22:53:04,778 - dawn_latest - ERROR - Error parsing article https://www.dawn.com/news/1882123/multans-nishtar-medics-quit-to-protest-vc-removal: Expected selector, got <DELIM '/' at 0>
2024-12-31 22:53:04,855 - dawn_latest - ERROR - Error parsing article https://www.dawn.com/news/1882111/bahawalpur-suspect-wanted-in-34-cases-killed-by-accomplices: Expected selector, got <DELIM '/' at 0>
2024-12-31 22:53:10,897 - dawn_latest - ERROR - Error parsing article https://www.dawn.com/news/1882084/kp-assembly-speaker-orders-security-briefing-by-police-chief-amid-concerns: Expected selector, got <DELIM '/' at 0>
2024-12-31 22:53:11,295 - dawn_latest - ERROR - Error parsing article https://www.dawn.com/news/1882086/dir-police-officials-demand-allowance-for-polio-duty: Expected selector, got <DELIM '/' at 0>
2024-12-31 22:53:12,739 - dawn_latest - ERROR - Error parsing article https://www.dawn.com/news/1882079/health-dept-fails-to-take-action-on-corruption-probes-against-officials-in-kp: Expected selector, got <DELIM '/' at 0>
2024-12-31 22:53:19,525 - dawn_latest - ERROR - Error parsing article https://www.dawn.com/news/1882101/overseas-pakistanis-drawn-to-c-14-plots-in-islamabad: Expected selector, got <DELIM '/' at 0>
2024-12-31 22:53:21,282 - dawn_latest - ERROR - Error parsing article https://www.dawn.com/news/1882091/commissioner-takes-strict-notice-of-roads-dug-up-for-municipal-services-in-rawalpindi: Expected selector, got <DELIM '/' at 0>
2024-12-31 22:53:23,695 - dawn_latest - ERROR - Error parsing article https://www.dawn.com/news/1882172/climate-change-impacts-grip-globe-in-2024: Expected selector, got <DELIM '/' at 0>
2024-12-31 22:53:25,798 - dawn_latest - ERROR - Error parsing article https://www.dawn.com/news/1882105/islamabads-10th-avenue-project-jumps-extended-deadline: Expected selector, got <DELIM '/' at 0>
2024-12-31 22:53:28,364 - dawn_latest - ERROR - Error parsing article https://www.dawn.com/news/1882173/who-demands-gaza-hospital-chiefs-release: Expected selector, got <DELIM '/' at 0>
2024-12-31 22:53:28,364 - dawn_latest - ERROR - Error parsing article https://www.dawn.com/news/1882074/bannu-residents-protest-killing-of-two-brothers-by-police: Expected selector, got <DELIM '/' at 0>
2024-12-31 22:53:29,396 - dawn_latest - ERROR - Error parsing article https://www.dawn.com/news/1882177/south-korea-orders-safety-probe-after-deadly-airline-crash: Expected selector, got <DELIM '/' at 0>
2024-12-31 22:53:29,995 - dawn_latest - ERROR - Error parsing article https://images.dawn.com/news/1193019/the-rise-and-fall-of-pakistani-cinema-culture: Expected selector, got <DELIM '/' at 0>
2024-12-31 22:53:32,946 - dawn_latest - ERROR - Error parsing article https://www.dawn.com/news/1882180/kp-govt-hopes-kurram-peace-accord-will-be-inked-today: Expected selector, got <DELIM '/' at 0>
2024-12-31 22:53:34,607 - dawn_latest - ERROR - Error parsing article https://www.dawn.com/news/1882181/20-killed-over-30-injured-in-two-road-tragedies: Expected selector, got <DELIM '/' at 0>
2024-12-31 22:53:37,112 - dawn_latest - ERROR - Error parsing article https://www.dawn.com/news/1882183/polio-tally-climbs-to-68-on-cusp-of-new-year: Expected selector, got <DELIM '/' at 0>
2024-12-31 22:53:42,980 - dawn_latest - ERROR - Error parsing article https://www.dawn.com/news/1882184/five-year-transformation-plan-for-economy-to-be-unveiled: Expected selector, got <DELIM '/' at 0>
2024-12-31 22:53:46,144 - dawn_latest - ERROR - Error parsing article https://www.dawn.com/news/1882194/31-kurdish-turkish-backed-fighters-killed-in-syria: Expected selector, got <DELIM '/' at 0>
2024-12-31 22:53:46,191 - dawn_latest - ERROR - Error parsing article https://www.dawn.com/news/1882193/who-urges-china-to-share-covid-origins-data: Expected selector, got <DELIM '/' at 0>
2024-12-31 22:53:48,934 - dawn_latest - ERROR - Error parsing article https://www.dawn.com/news/1882198/study-cautions-against-perils-of-ai-driven-intention-economy: Expected selector, got <DELIM '/' at 0>
2024-12-31 22:53:52,674 - dawn_latest - ERROR - Error parsing article https://www.dawn.com/news/1882199/germany-accuses-musk-of-trying-to-influence-polls: Expected selector, got <DELIM '/' at 0>
2024-12-31 22:53:55,398 - dawn_latest - ERROR - Error parsing article https://www.dawn.com/news/1882188: Expected selector, got <DELIM '/' at 0>
2024-12-31 22:53:57,134 - dawn_latest - ERROR - Error parsing article https://www.dawn.com/news/1882201/chinese-teens-jailed-for-classmates-murder: Expected selector, got <DELIM '/' at 0>
2024-12-31 22:53:59,247 - dawn_latest - ERROR - Error parsing article https://www.dawn.com/news/1882204/russia-ukraine-exchange-over-300-pows: Expected selector, got <DELIM '/' at 0>
2024-12-31 22:54:03,999 - dawn_latest - ERROR - Error parsing article https://www.dawn.com/news/1882191/happy-new-year-from-death-row: Expected selector, got <DELIM '/' at 0>
2024-12-31 22:54:05,798 - dawn_latest - ERROR - Error parsing article https://www.dawn.com/news/1882230/xi-says-china-must-apply-more-proactive-macroeconomic-policies-in-2025: Expected selector, got <DELIM '/' at 0>
2024-12-31 22:54:07,371 - dawn_latest - ERROR - Error parsing article https://www.dawn.com/news/1882192: Expected selector, got <DELIM '/' at 0>
2024-12-31 22:54:07,837 - dawn_latest - ERROR - Error parsing article https://www.dawn.com/news/1882265/thousands-march-in-bangladesh-to-mark-student-led-uprising-that-ousted-pm-hasina: Expected selector, got <DELIM '/' at 0>
2024-12-31 22:54:10,408 - dawn_latest - ERROR - Error parsing article https://www.dawn.com/news/1882269/chief-minister-of-indias-manipur-state-apologises-for-ethnic-unrest: Expected selector, got <DELIM '/' at 0>
2024-12-31 22:54:13,031 - dawn_latest - ERROR - Error parsing article https://www.dawn.com/news/1882158/gilani-stresses-political-stability-for-economic-growth: Expected selector, got <DELIM '/' at 0>
2024-12-31 22:54:15,399 - dawn_latest - INFO - Scraping completed. Total articles scraped: 0
2024-12-31 23:01:10,655 - dawn_latest - INFO - Starting daily latest news scrape
2024-12-31 23:01:10,703 - dawn_latest - INFO - Found 60 articles on latest news page
2024-12-31 23:01:13,252 - dawn_latest - ERROR - Error parsing article https://www.dawn.com/news/1882274/puerto-ricos-power-grid-collapses-leaving-island-in-the-dark: Expected selector, got <DELIM '/' at 0>
2024-12-31 23:01:16,601 - dawn_latest - ERROR - Error parsing article https://www.dawn.com/news/1882235/south-korea-starts-releasing-jeju-air-crash-victims-to-families: Expected selector, got <DELIM '/' at 0>
2024-12-31 23:01:17,401 - dawn_latest - ERROR - Error parsing article https://images.dawn.com/news/1193103/angelina-jolie-brad-pitt-reach-divorce-settlement-ending-eight-year-dispute: Expected selector, got <DELIM '/' at 0>
2024-12-31 23:01:18,335 - dawn_latest - ERROR - Error parsing article https://images.dawn.com/news/1193088/4am-meetings-slipping-dupattas-and-cricketers-behaving-badly-the-most-read-dawn-images-stories-of-2024: Expected selector, got <DELIM '/' at 0>
2024-12-31 23:01:20,233 - dawn_latest - ERROR - Error parsing article https://www.dawn.com/news/1882244/north-koreas-kim-vows-to-further-solidify-russia-ties-in-letter-to-putin: Expected selector, got <DELIM '/' at 0>
2024-12-31 23:01:20,249 - dawn_latest - ERROR - Error parsing article https://www.dawn.com/news/1882240/gb-court-sentences-ex-cm-khalid-khurshid-to-34-years-of-jail-for-threatening-security-institutions: Expected selector, got <DELIM '/' at 0>
2024-12-31 23:01:22,699 - dawn_latest - ERROR - Error parsing article https://www.dawn.com/news/1882247/un-condemns-taliban-ban-on-afghan-women-working-at-ngos: Expected selector, got <DELIM '/' at 0>
2024-12-31 23:01:27,664 - dawn_latest - ERROR - Error parsing article https://www.dawn.com/news/1882254/govt-unveils-uraan-pakistan-5-year-transformation-plan-for-economy: Expected selector, got <DELIM '/' at 0>
2024-12-31 23:01:28,231 - dawn_latest - ERROR - Error parsing article https://www.dawn.com/news/1882265/thousands-march-in-bangladesh-to-mark-student-led-uprising-that-ousted-pm-hasina: Expected selector, got <DELIM '/' at 0>
2024-12-31 23:01:32,972 - dawn_latest - ERROR - Error parsing article https://www.dawn.com/news/1882199/germany-accuses-musk-of-trying-to-influence-polls: Expected selector, got <DELIM '/' at 0>
2024-12-31 23:01:35,050 - dawn_latest - ERROR - Error parsing article https://www.dawn.com/news/1882188: Expected selector, got <DELIM '/' at 0>
2024-12-31 23:01:36,750 - dawn_latest - ERROR - Error parsing article https://www.dawn.com/news/1882269/chief-minister-of-indias-manipur-state-apologises-for-ethnic-unrest: Expected selector, got <DELIM '/' at 0>
2024-12-31 23:01:40,798 - dawn_latest - ERROR - Error parsing article https://www.dawn.com/news/1882201/chinese-teens-jailed-for-classmates-murder: Expected selector, got <DELIM '/' at 0>
2024-12-31 23:01:41,030 - dawn_latest - ERROR - Error parsing article https://www.dawn.com/news/1882204/russia-ukraine-exchange-over-300-pows: Expected selector, got <DELIM '/' at 0>
2024-12-31 23:01:42,075 - dawn_latest - ERROR - Error parsing article https://www.dawn.com/news/1882192: Expected selector, got <DELIM '/' at 0>
2024-12-31 23:01:43,177 - dawn_latest - ERROR - Error parsing article https://www.dawn.com/news/1882160/2024-was-deadliest-year-for-pakistans-security-forces: Expected selector, got <DELIM '/' at 0>
2024-12-31 23:01:48,413 - dawn_latest - ERROR - Error parsing article https://www.dawn.com/news/1882158/gilani-stresses-political-stability-for-economic-growth: Expected selector, got <DELIM '/' at 0>
2024-12-31 23:01:49,042 - dawn_latest - ERROR - Error parsing article https://www.dawn.com/news/1882157/over-10000-deported-from-iran-have-their-passports-blocked: Expected selector, got <DELIM '/' at 0>
2024-12-31 23:01:51,273 - dawn_latest - ERROR - Error parsing article https://www.dawn.com/news/1882156/balochistan-lawmakers-hail-benazir-for-her-courageous-leadership: Expected selector, got <DELIM '/' at 0>
2024-12-31 23:01:52,403 - dawn_latest - ERROR - Error parsing article https://www.dawn.com/news/1882155/president-zardari-orders-six-banks-to-pay-rs2413m-to-31-victims-of-fraud: Expected selector, got <DELIM '/' at 0>
2024-12-31 23:01:57,605 - dawn_latest - ERROR - Error parsing article https://www.dawn.com/news/1882154/balochistan-cm-launches-polio-drive-amid-rising-cases: Expected selector, got <DELIM '/' at 0>
2024-12-31 23:01:57,687 - dawn_latest - ERROR - Error parsing article https://www.dawn.com/news/1882153/hub-sit-in-ends-after-release-of-missing-persons: Expected selector, got <DELIM '/' at 0>
2024-12-31 23:01:59,553 - dawn_latest - ERROR - Error parsing article https://www.dawn.com/news/1882148/wapda-retain-national-womens-basketball-title: Expected selector, got <DELIM '/' at 0>
2024-12-31 23:02:02,234 - dawn_latest - ERROR - Error parsing article https://www.dawn.com/news/1882147/five-star-liverpool-thrash-west-ham-to-stretch-premier-league-lead: Expected selector, got <DELIM '/' at 0>
2024-12-31 23:02:02,239 - dawn_latest - INFO - Scraping completed. Total articles scraped: 0
2024-12-31 23:03:13,045 - dawn_latest - INFO - Starting daily latest news scrape
2024-12-31 23:03:13,078 - dawn_latest - INFO - Found 60 articles on latest news page
2024-12-31 23:03:13,746 - dawn_latest - WARNING - Could not parse date: December 31, 2024
2024-12-31 23:03:13,894 - dawn_latest - INFO - Scraped article: Puerto Rico’s power grid collapses, leaving island in the dark
2024-12-31 23:03:13,894 - dawn_latest - ERROR - Error parsing article https://www.dawn.com/news/1882274/puerto-ricos-power-grid-collapses-leaving-island-in-the-dark: 'NewsArticleItem does not support field: title'
2024-12-31 23:03:15,894 - dawn_latest - INFO - Scraped article: None
2024-12-31 23:03:15,894 - dawn_latest - ERROR - Error parsing article https://images.dawn.com/news/1193103/angelina-jolie-brad-pitt-reach-divorce-settlement-ending-eight-year-dispute: 'NewsArticleItem does not support field: title'
2024-12-31 23:03:18,013 - dawn_latest - INFO - Scraped article: None
2024-12-31 23:03:18,013 - dawn_latest - ERROR - Error parsing article https://www.dawn.com/news/1882239/will-psx-sustain-its-bullish-momentum-in-2025: 'NewsArticleItem does not support field: title'
2024-12-31 23:03:19,160 - dawn_latest - INFO - Scraped article: None
2024-12-31 23:03:19,160 - dawn_latest - ERROR - Error parsing article https://images.dawn.com/news/1193088/4am-meetings-slipping-dupattas-and-cricketers-behaving-badly-the-most-read-dawn-images-stories-of-2024: 'NewsArticleItem does not support field: title'
2024-12-31 23:03:23,208 - dawn_latest - INFO - Scraped article: None
2024-12-31 23:03:23,208 - dawn_latest - ERROR - Error parsing article https://images.dawn.com/news/1193019/the-rise-and-fall-of-pakistani-cinema-culture: 'NewsArticleItem does not support field: title'
2024-12-31 23:03:23,659 - dawn_latest - INFO - Scraped article: GB court sentences ex-CM Khalid Khurshid to 34 years of jail for threatening security institutions
2024-12-31 23:03:23,659 - dawn_latest - ERROR - Error parsing article https://www.dawn.com/news/1882240/gb-court-sentences-ex-cm-khalid-khurshid-to-34-years-of-jail-for-threatening-security-institutions: 'NewsArticleItem does not support field: title'
2024-12-31 23:03:24,625 - dawn_latest - INFO - Scraped article: North Korea’s Kim vows to further solidify Russia ties in letter to Putin
2024-12-31 23:03:24,625 - dawn_latest - ERROR - Error parsing article https://www.dawn.com/news/1882244/north-koreas-kim-vows-to-further-solidify-russia-ties-in-letter-to-putin: 'NewsArticleItem does not support field: title'
2024-12-31 23:03:24,891 - dawn_latest - INFO - Scraped article: South Korea starts releasing Jeju Air crash victims to families
2024-12-31 23:03:24,891 - dawn_latest - ERROR - Error parsing article https://www.dawn.com/news/1882235/south-korea-starts-releasing-jeju-air-crash-victims-to-families: 'NewsArticleItem does not support field: title'
2024-12-31 23:03:29,374 - dawn_latest - INFO - Scraped article: UN condemns Taliban ban on Afghan women working at NGOs
2024-12-31 23:03:29,374 - dawn_latest - ERROR - Error parsing article https://www.dawn.com/news/1882247/un-condemns-taliban-ban-on-afghan-women-working-at-ngos: 'NewsArticleItem does not support field: title'
2024-12-31 23:03:30,056 - dawn_latest - INFO - Scraped article: Govt unveils ‘Uraan Pakistan’ 5-year transformation plan for economy
2024-12-31 23:03:30,056 - dawn_latest - ERROR - Error parsing article https://www.dawn.com/news/1882254/govt-unveils-uraan-pakistan-5-year-transformation-plan-for-economy: 'NewsArticleItem does not support field: title'
2024-12-31 23:03:33,788 - dawn_latest - INFO - Scraped article: Thousands march in Bangladesh to mark student-led uprising that ousted PM Hasina
2024-12-31 23:03:33,788 - dawn_latest - ERROR - Error parsing article https://www.dawn.com/news/1882265/thousands-march-in-bangladesh-to-mark-student-led-uprising-that-ousted-pm-hasina: 'NewsArticleItem does not support field: title'
2024-12-31 23:03:35,340 - dawn_latest - INFO - Scraped article: Chief minister of India’s Manipur state apologises for ethnic unrest
2024-12-31 23:03:35,340 - dawn_latest - ERROR - Error parsing article https://www.dawn.com/news/1882269/chief-minister-of-indias-manipur-state-apologises-for-ethnic-unrest: 'NewsArticleItem does not support field: title'
2024-12-31 23:03:39,687 - dawn_latest - INFO - Scraped article: Xi says China must apply ‘more proactive’ macroeconomic policies in 2025
2024-12-31 23:03:39,687 - dawn_latest - ERROR - Error parsing article https://www.dawn.com/news/1882230/xi-says-china-must-apply-more-proactive-macroeconomic-policies-in-2025: 'NewsArticleItem does not support field: title'
2024-12-31 23:03:39,836 - dawn_latest - INFO - Scraped article: Happy New Year from death row
2024-12-31 23:03:39,836 - dawn_latest - ERROR - Error parsing article https://www.dawn.com/news/1882191/happy-new-year-from-death-row: 'NewsArticleItem does not support field: title'
2024-12-31 23:03:42,687 - dawn_latest - INFO - Scraped article: London Mayor Sadiq Khan handed knighthood as over 1,200 named in Britain’s New Year honours
2024-12-31 23:03:42,687 - dawn_latest - ERROR - Error parsing article https://www.dawn.com/news/1882226/london-mayor-sadiq-khan-handed-knighthood-as-over-1200-named-in-britains-new-year-honours: 'NewsArticleItem does not support field: title'
2024-12-31 23:03:45,002 - dawn_latest - INFO - Scraped article: 2024 was ‘deadliest year’ for Pakistan’s security forces
2024-12-31 23:03:45,002 - dawn_latest - ERROR - Error parsing article https://www.dawn.com/news/1882160/2024-was-deadliest-year-for-pakistans-security-forces: 'NewsArticleItem does not support field: title'
2024-12-31 23:03:47,800 - dawn_latest - INFO - Scraped article: Gilani stresses political stability for economic growth
2024-12-31 23:03:47,800 - dawn_latest - ERROR - Error parsing article https://www.dawn.com/news/1882158/gilani-stresses-political-stability-for-economic-growth: 'NewsArticleItem does not support field: title'
2024-12-31 23:03:49,050 - dawn_latest - INFO - Scraped article: Over 10,000 deported from Iran have their passports blocked
2024-12-31 23:03:49,050 - dawn_latest - ERROR - Error parsing article https://www.dawn.com/news/1882157/over-10000-deported-from-iran-have-their-passports-blocked: 'NewsArticleItem does not support field: title'
2024-12-31 23:03:53,315 - dawn_latest - INFO - Scraped article: Balochistan lawmakers hail Benazir for her courageous leadership
2024-12-31 23:03:53,315 - dawn_latest - ERROR - Error parsing article https://www.dawn.com/news/1882156/balochistan-lawmakers-hail-benazir-for-her-courageous-leadership: 'NewsArticleItem does not support field: title'
2024-12-31 23:03:54,815 - dawn_latest - INFO - Scraped article: President Zardari orders six banks to pay Rs24.13m to 31 victims of fraud
2024-12-31 23:03:54,815 - dawn_latest - ERROR - Error parsing article https://www.dawn.com/news/1882155/president-zardari-orders-six-banks-to-pay-rs2413m-to-31-victims-of-fraud: 'NewsArticleItem does not support field: title'
2024-12-31 23:03:59,447 - dawn_latest - INFO - Scraped article: Hub sit-in ends after release of missing persons
2024-12-31 23:03:59,447 - dawn_latest - ERROR - Error parsing article https://www.dawn.com/news/1882153/hub-sit-in-ends-after-release-of-missing-persons: 'NewsArticleItem does not support field: title'
2024-12-31 23:04:02,762 - dawn_latest - INFO - Scraped article: Balochistan CM launches polio drive amid rising cases
2024-12-31 23:04:02,762 - dawn_latest - ERROR - Error parsing article https://www.dawn.com/news/1882154/balochistan-cm-launches-polio-drive-amid-rising-cases: 'NewsArticleItem does not support field: title'
2024-12-31 23:04:03,311 - dawn_latest - INFO - Scraped article: Wapda retain national women’s basketball title
2024-12-31 23:04:03,311 - dawn_latest - ERROR - Error parsing article https://www.dawn.com/news/1882148/wapda-retain-national-womens-basketball-title: 'NewsArticleItem does not support field: title'
2024-12-31 23:04:04,329 - dawn_latest - INFO - Scraped article: Five-star Liverpool thrash West Ham to stretch Premier League lead
2024-12-31 23:04:04,329 - dawn_latest - ERROR - Error parsing article https://www.dawn.com/news/1882147/five-star-liverpool-thrash-west-ham-to-stretch-premier-league-lead: 'NewsArticleItem does not support field: title'
2024-12-31 23:04:12,258 - dawn_latest - INFO - Scraped article: New Zealand thump Sri Lanka to clinch Twenty20 series
2024-12-31 23:04:12,258 - dawn_latest - ERROR - Error parsing article https://www.dawn.com/news/1882140/new-zealand-thump-sri-lanka-to-clinch-twenty20-series: 'NewsArticleItem does not support field: title'
2024-12-31 23:04:13,875 - dawn_latest - INFO - Scraped article: Difference in market, official rate of flour, other food items exposes govt failure in Karachi
2024-12-31 23:04:13,875 - dawn_latest - ERROR - Error parsing article https://www.dawn.com/news/1882135/difference-in-market-official-rate-of-flour-other-food-items-exposes-govt-failure-in-karachi: 'NewsArticleItem does not support field: title'
2024-12-31 23:04:17,558 - dawn_latest - INFO - Scraped article: Traffic woes continue in Karachi as MWM protests enter second week
2024-12-31 23:04:17,558 - dawn_latest - ERROR - Error parsing article https://www.dawn.com/news/1882132/traffic-woes-continue-in-karachi-as-mwm-protests-enter-second-week: 'NewsArticleItem does not support field: title'
2024-12-31 23:04:19,698 - dawn_latest - INFO - Scraped article: Multan’s Nishtar medics ‘quit’ to protest VC removal
2024-12-31 23:04:19,699 - dawn_latest - ERROR - Error parsing article https://www.dawn.com/news/1882123/multans-nishtar-medics-quit-to-protest-vc-removal: 'NewsArticleItem does not support field: title'
2024-12-31 23:04:22,640 - dawn_latest - INFO - Scraped article: Bahawalpur suspect wanted in 34 cases ‘killed by accomplices’
2024-12-31 23:04:22,640 - dawn_latest - ERROR - Error parsing article https://www.dawn.com/news/1882111/bahawalpur-suspect-wanted-in-34-cases-killed-by-accomplices: 'NewsArticleItem does not support field: title'
2024-12-31 23:04:25,237 - dawn_latest - INFO - Scraped article: Four Lahore cops booked for robbing, harassing ex-officer
2024-12-31 23:04:25,237 - dawn_latest - ERROR - Error parsing article https://www.dawn.com/news/1882106/four-lahore-cops-booked-for-robbing-harassing-ex-officer: 'NewsArticleItem does not support field: title'
2024-12-31 23:04:26,621 - dawn_latest - INFO - Scraped article: Dir police officials demand allowance for polio duty
2024-12-31 23:04:26,621 - dawn_latest - ERROR - Error parsing article https://www.dawn.com/news/1882086/dir-police-officials-demand-allowance-for-polio-duty: 'NewsArticleItem does not support field: title'
2024-12-31 23:04:29,335 - dawn_latest - INFO - Scraped article: KP assembly speaker orders security briefing by police chief amid concerns
2024-12-31 23:04:29,335 - dawn_latest - ERROR - Error parsing article https://www.dawn.com/news/1882084/kp-assembly-speaker-orders-security-briefing-by-police-chief-amid-concerns: 'NewsArticleItem does not support field: title'
2024-12-31 23:04:31,985 - dawn_latest - INFO - Scraped article: Health dept fails to take action on corruption probes against officials in KP
2024-12-31 23:04:31,985 - dawn_latest - ERROR - Error parsing article https://www.dawn.com/news/1882079/health-dept-fails-to-take-action-on-corruption-probes-against-officials-in-kp: 'NewsArticleItem does not support field: title'
2024-12-31 23:04:34,467 - dawn_latest - INFO - Scraped article: Bannu residents protest ‘killing’ of two brothers by police
2024-12-31 23:04:34,467 - dawn_latest - ERROR - Error parsing article https://www.dawn.com/news/1882074/bannu-residents-protest-killing-of-two-brothers-by-police: 'NewsArticleItem does not support field: title'
2024-12-31 23:04:36,184 - dawn_latest - INFO - Scraped article: Islamabad’s 10th Avenue project jumps extended deadline
2024-12-31 23:04:36,184 - dawn_latest - ERROR - Error parsing article https://www.dawn.com/news/1882105/islamabads-10th-avenue-project-jumps-extended-deadline: 'NewsArticleItem does not support field: title'
2024-12-31 23:04:37,935 - dawn_latest - INFO - Scraped article: Overseas Pakistanis drawn to C-14 plots in Islamabad
2024-12-31 23:04:37,935 - dawn_latest - ERROR - Error parsing article https://www.dawn.com/news/1882101/overseas-pakistanis-drawn-to-c-14-plots-in-islamabad: 'NewsArticleItem does not support field: title'
2024-12-31 23:04:41,516 - dawn_latest - INFO - Scraped article: Commissioner takes strict notice of roads dug up for municipal services in Rawalpindi
2024-12-31 23:04:41,516 - dawn_latest - ERROR - Error parsing article https://www.dawn.com/news/1882091/commissioner-takes-strict-notice-of-roads-dug-up-for-municipal-services-in-rawalpindi: 'NewsArticleItem does not support field: title'
2024-12-31 23:04:43,448 - dawn_latest - INFO - Scraped article: Climate change impacts grip globe in 2024
2024-12-31 23:04:43,448 - dawn_latest - ERROR - Error parsing article https://www.dawn.com/news/1882172/climate-change-impacts-grip-globe-in-2024: 'NewsArticleItem does not support field: title'
2024-12-31 23:04:45,464 - dawn_latest - INFO - Scraped article: WHO demands Gaza hospital chief’s release
2024-12-31 23:04:45,464 - dawn_latest - ERROR - Error parsing article https://www.dawn.com/news/1882173/who-demands-gaza-hospital-chiefs-release: 'NewsArticleItem does not support field: title'
2024-12-31 23:04:48,817 - dawn_latest - INFO - Scraped article: South Korea orders safety probe after deadly airline crash
2024-12-31 23:04:48,817 - dawn_latest - ERROR - Error parsing article https://www.dawn.com/news/1882177/south-korea-orders-safety-probe-after-deadly-airline-crash: 'NewsArticleItem does not support field: title'
2024-12-31 23:04:50,029 - dawn_latest - INFO - Scraped article: None
2024-12-31 23:04:50,029 - dawn_latest - ERROR - Error parsing article https://images.dawn.com/news/1193102/five-people-charged-in-argentina-in-connection-with-liam-paynes-death: 'NewsArticleItem does not support field: title'
2024-12-31 23:04:52,346 - dawn_latest - INFO - Scraped article: KP govt hopes Kurram peace accord will be inked today
2024-12-31 23:04:52,346 - dawn_latest - ERROR - Error parsing article https://www.dawn.com/news/1882180/kp-govt-hopes-kurram-peace-accord-will-be-inked-today: 'NewsArticleItem does not support field: title'
2024-12-31 23:04:53,846 - dawn_latest - INFO - Scraped article: 20 killed, over 30 injured in two road tragedies
2024-12-31 23:04:53,846 - dawn_latest - ERROR - Error parsing article https://www.dawn.com/news/1882181/20-killed-over-30-injured-in-two-road-tragedies: 'NewsArticleItem does not support field: title'
2024-12-31 23:04:56,778 - dawn_latest - INFO - Scraped article: Polio tally climbs to 68 on cusp of new year
2024-12-31 23:04:56,778 - dawn_latest - ERROR - Error parsing article https://www.dawn.com/news/1882183/polio-tally-climbs-to-68-on-cusp-of-new-year: 'NewsArticleItem does not support field: title'
2024-12-31 23:04:58,527 - dawn_latest - INFO - Scraped article: Five-year transformation plan for economy to be unveiled
2024-12-31 23:04:58,527 - dawn_latest - ERROR - Error parsing article https://www.dawn.com/news/1882184/five-year-transformation-plan-for-economy-to-be-unveiled: 'NewsArticleItem does not support field: title'
2024-12-31 23:05:02,341 - dawn_latest - INFO - Scraped article: Imran retained 108 Toshakhana gifts, court told
2024-12-31 23:05:02,341 - dawn_latest - ERROR - Error parsing article https://www.dawn.com/news/1882185/imran-retained-108-toshakhana-gifts-court-told: 'NewsArticleItem does not support field: title'
2024-12-31 23:05:04,076 - dawn_latest - INFO - Scraped article: WHO urges China to share Covid origins data
2024-12-31 23:05:04,076 - dawn_latest - ERROR - Error parsing article https://www.dawn.com/news/1882193/who-urges-china-to-share-covid-origins-data: 'NewsArticleItem does not support field: title'
2024-12-31 23:05:06,809 - dawn_latest - INFO - Scraped article: 31 Kurdish, Turkish-backed fighters killed in Syria
2024-12-31 23:05:06,809 - dawn_latest - ERROR - Error parsing article https://www.dawn.com/news/1882194/31-kurdish-turkish-backed-fighters-killed-in-syria: 'NewsArticleItem does not support field: title'
2024-12-31 23:05:09,558 - dawn_latest - INFO - Scraped article: Study cautions against perils of AI-driven ‘intention economy’
2024-12-31 23:05:09,558 - dawn_latest - ERROR - Error parsing article https://www.dawn.com/news/1882198/study-cautions-against-perils-of-ai-driven-intention-economy: 'NewsArticleItem does not support field: title'
2024-12-31 23:05:12,005 - dawn_latest - INFO - Scraped article: Germany accuses Musk of trying to influence polls
2024-12-31 23:05:12,005 - dawn_latest - ERROR - Error parsing article https://www.dawn.com/news/1882199/germany-accuses-musk-of-trying-to-influence-polls: 'NewsArticleItem does not support field: title'
2024-12-31 23:05:14,622 - dawn_latest - INFO - Scraped article: Charter of economy
2024-12-31 23:05:14,622 - dawn_latest - ERROR - Error parsing article https://www.dawn.com/news/1882188: 'NewsArticleItem does not support field: title'
2024-12-31 23:05:16,486 - dawn_latest - INFO - Scraped article: Chinese teens jailed for classmate’s murder
2024-12-31 23:05:16,486 - dawn_latest - ERROR - Error parsing article https://www.dawn.com/news/1882201/chinese-teens-jailed-for-classmates-murder: 'NewsArticleItem does not support field: title'
2024-12-31 23:05:23,469 - dawn_latest - INFO - Scraped article: Russia, Ukraine exchange over 300 POWs
2024-12-31 23:05:23,469 - dawn_latest - ERROR - Error parsing article https://www.dawn.com/news/1882204/russia-ukraine-exchange-over-300-pows: 'NewsArticleItem does not support field: title'
2024-12-31 23:05:25,202 - dawn_latest - INFO - Scraped article: Age of anger
2024-12-31 23:05:25,202 - dawn_latest - ERROR - Error parsing article https://www.dawn.com/news/1882192: 'NewsArticleItem does not support field: title'
2024-12-31 23:05:27,483 - dawn_latest - INFO - Scraped article: None
2024-12-31 23:05:27,483 - dawn_latest - ERROR - Error parsing article https://www.dawn.com/news/1881836/honour-crimes-continued-to-persist-in-2024-threatening-pakistani-womens-lives: 'NewsArticleItem does not support field: title'
2024-12-31 23:05:27,599 - dawn_latest - INFO - Scraped article: None
2024-12-31 23:05:27,599 - dawn_latest - ERROR - Error parsing article https://www.dawn.com/news/1881455/balochistan-in-2024-the-year-of-the-women: 'NewsArticleItem does not support field: title'
2024-12-31 23:05:29,517 - dawn_latest - INFO - Scraped article: China slams ‘groundless’ claims of cyberattack on US Treasury
2024-12-31 23:05:29,517 - dawn_latest - ERROR - Error parsing article https://www.dawn.com/news/1882237/china-slams-groundless-claims-of-cyberattack-on-us-treasury: 'NewsArticleItem does not support field: title'
2024-12-31 23:05:31,200 - dawn_latest - INFO - Scraped article: Protests against Parachinar killings ease in Karachi as several routes reopen
2024-12-31 23:05:31,200 - dawn_latest - ERROR - Error parsing article https://www.dawn.com/news/1882233/protests-against-parachinar-killings-ease-in-karachi-as-several-routes-reopen: 'NewsArticleItem does not support field: title'
2024-12-31 23:05:31,200 - dawn_latest - INFO - Scraping completed. Total articles scraped: 58
2024-12-31 23:06:53,255 - dawn_latest - INFO - Starting daily latest news scrape
2024-12-31 23:06:53,286 - dawn_latest - INFO - Found 60 articles on latest news page
2024-12-31 23:06:55,092 - dawn_latest - ERROR - Error parsing article https://www.dawn.com/news/1882134/with-149-outbreaks-in-sindh-deadly-measles-makes-a-comeback: name 'title' is not defined
2024-12-31 23:06:58,130 - dawn_latest - ERROR - Error parsing article https://www.dawn.com/news/1882146/sialkot-book-quaid-trophy-final-date-with-peshawar: name 'title' is not defined
2024-12-31 23:06:58,130 - dawn_latest - INFO - Scraping completed. Total articles scraped: 0
2024-12-31 23:12:42,887 - dawn_latest - INFO - Starting daily latest news scrape
2024-12-31 23:12:42,933 - dawn_latest - INFO - Found 60 articles on latest news page
2024-12-31 23:12:44,617 - dawn_latest - INFO - Scraped article: With 149 outbreaks in Sindh, deadly measles makes a comeback
2024-12-31 23:12:47,244 - dawn_latest - INFO - Scraped article: Sialkot book Quaid Trophy final date with Peshawar
2024-12-31 23:12:47,259 - dawn_latest - INFO - Scraping completed. Total articles scraped: 2
2024-12-31 23:15:12,440 - dawn_latest - INFO - Starting daily latest news scrape
2024-12-31 23:15:12,487 - dawn_latest - INFO - Found 60 articles on latest news page
2024-12-31 23:15:12,513 - dawn_latest - INFO - Scraping completed. Total articles scraped: 0
2024-12-31 23:16:45,129 - dawn_latest - INFO - Starting daily latest news scrape
2024-12-31 23:16:45,191 - dawn_latest - INFO - Found 60 articles on latest news page
2024-12-31 23:16:47,912 - dawn_latest - WARNING - Could not parse date: December 31, 2024
2024-12-31 23:16:48,086 - dawn_latest - INFO - Scraped article: Puerto Rico’s power grid collapses, leaving island in the dark
2024-12-31 23:16:50,113 - dawn_latest - INFO - Scraped article: None
2024-12-31 23:16:52,521 - dawn_latest - INFO - Scraped article: None
2024-12-31 23:16:52,787 - dawn_latest - INFO - Scraped article: London Mayor Sadiq Khan handed knighthood as over 1,200 named in Britain’s New Year honours
2024-12-31 23:16:53,949 - dawn_latest - INFO - Scraped article: None
2024-12-31 23:16:54,122 - dawn_latest - INFO - Scraped article: None
2024-12-31 23:16:58,073 - dawn_latest - INFO - Scraped article: China slams ‘groundless’ claims of cyberattack on US Treasury
2024-12-31 23:17:00,581 - dawn_latest - INFO - Scraped article: Protests against Parachinar killings ease in Karachi as several routes reopen
2024-12-31 23:17:01,456 - dawn_latest - INFO - Scraped article: None
2024-12-31 23:17:01,994 - dawn_latest - INFO - Scraped article: None
2024-12-31 23:17:04,201 - dawn_latest - INFO - Scraped article: South Korea starts releasing Jeju Air crash victims to families
2024-12-31 23:17:05,672 - dawn_latest - INFO - Scraped article: GB court sentences ex-CM Khalid Khurshid to 34 years of jail for threatening security institutions
2024-12-31 23:17:07,512 - dawn_latest - INFO - Scraped article: North Korea’s Kim vows to further solidify Russia ties in letter to Putin
2024-12-31 23:17:10,397 - dawn_latest - INFO - Scraped article: UN condemns Taliban ban on Afghan women working at NGOs
2024-12-31 23:17:14,594 - dawn_latest - INFO - Scraped article: Govt unveils ‘Uraan Pakistan’ 5-year transformation plan for economy
2024-12-31 23:17:14,749 - dawn_latest - INFO - Scraped article: 2024 was ‘deadliest year’ for Pakistan’s security forces
2024-12-31 23:17:17,651 - dawn_latest - INFO - Scraped article: Gilani stresses political stability for economic growth
2024-12-31 23:17:19,170 - dawn_latest - INFO - Scraped article: Over 10,000 deported from Iran have their passports blocked
2024-12-31 23:17:21,308 - dawn_latest - INFO - Scraped article: Balochistan lawmakers hail Benazir for her courageous leadership
2024-12-31 23:17:24,343 - dawn_latest - INFO - Scraped article: President Zardari orders six banks to pay Rs24.13m to 31 victims of fraud
2024-12-31 23:17:27,267 - dawn_latest - INFO - Scraped article: Balochistan CM launches polio drive amid rising cases
2024-12-31 23:17:29,475 - dawn_latest - INFO - Scraped article: Hub sit-in ends after release of missing persons
2024-12-31 23:17:32,211 - dawn_latest - INFO - Scraped article: Wapda retain national women’s basketball title
2024-12-31 23:17:34,690 - dawn_latest - INFO - Scraped article: Five-star Liverpool thrash West Ham to stretch Premier League lead
2024-12-31 23:17:37,321 - dawn_latest - INFO - Scraped article: Sialkot book Quaid Trophy final date with Peshawar
2024-12-31 23:17:40,315 - dawn_latest - INFO - Scraped article: New Zealand thump Sri Lanka to clinch Twenty20 series
2024-12-31 23:17:42,012 - dawn_latest - INFO - Scraped article: Difference in market, official rate of flour, other food items exposes govt failure in Karachi
2024-12-31 23:17:44,455 - dawn_latest - INFO - Scraped article: With 149 outbreaks in Sindh, deadly measles makes a comeback
2024-12-31 23:17:48,844 - dawn_latest - INFO - Scraped article: Multan’s Nishtar medics ‘quit’ to protest VC removal
2024-12-31 23:17:48,991 - dawn_latest - INFO - Scraped article: Traffic woes continue in Karachi as MWM protests enter second week
2024-12-31 23:17:51,679 - dawn_latest - INFO - Scraped article: Bahawalpur suspect wanted in 34 cases ‘killed by accomplices’
2024-12-31 23:17:54,502 - dawn_latest - INFO - Scraped article: Four Lahore cops booked for robbing, harassing ex-officer
2024-12-31 23:17:56,546 - dawn_latest - INFO - Scraped article: Dir police officials demand allowance for polio duty
2024-12-31 23:18:00,178 - dawn_latest - INFO - Scraped article: KP assembly speaker orders security briefing by police chief amid concerns
2024-12-31 23:18:01,916 - dawn_latest - INFO - Scraped article: Health dept fails to take action on corruption probes against officials in KP
2024-12-31 23:18:04,802 - dawn_latest - INFO - Scraped article: Bannu residents protest ‘killing’ of two brothers by police
2024-12-31 23:18:06,671 - dawn_latest - INFO - Scraped article: Islamabad’s 10th Avenue project jumps extended deadline
2024-12-31 23:18:10,073 - dawn_latest - INFO - Scraped article: Overseas Pakistanis drawn to C-14 plots in Islamabad
2024-12-31 23:18:12,305 - dawn_latest - INFO - Scraped article: Commissioner takes strict notice of roads dug up for municipal services in Rawalpindi
2024-12-31 23:18:15,788 - dawn_latest - INFO - Scraped article: Climate change impacts grip globe in 2024
2024-12-31 23:18:17,216 - dawn_latest - INFO - Scraped article: WHO demands Gaza hospital chief’s release
2024-12-31 23:18:18,577 - dawn_latest - INFO - Scraped article: None
2024-12-31 23:18:21,682 - dawn_latest - INFO - Scraped article: South Korea orders safety probe after deadly airline crash
2024-12-31 23:18:24,646 - dawn_latest - INFO - Scraped article: 20 killed, over 30 injured in two road tragedies
2024-12-31 23:18:27,124 - dawn_latest - INFO - Scraped article: Polio tally climbs to 68 on cusp of new year
2024-12-31 23:18:29,791 - dawn_latest - INFO - Scraped article: Five-year transformation plan for economy to be unveiled
2024-12-31 23:18:33,377 - dawn_latest - INFO - Scraped article: Imran retained 108 Toshakhana gifts, court told
2024-12-31 23:18:39,219 - dawn_latest - INFO - Scraped article: 31 Kurdish, Turkish-backed fighters killed in Syria
2024-12-31 23:18:41,296 - dawn_latest - INFO - Scraped article: Study cautions against perils of AI-driven ‘intention economy’
2024-12-31 23:18:42,221 - dawn_latest - INFO - Scraped article: Germany accuses Musk of trying to influence polls
2024-12-31 23:18:46,184 - dawn_latest - INFO - Scraped article: Charter of economy
2024-12-31 23:18:47,395 - dawn_latest - INFO - Scraped article: Chinese teens jailed for classmate’s murder
2024-12-31 23:18:58,601 - dawn_latest - INFO - Scraped article: Russia, Ukraine exchange over 300 POWs
2024-12-31 23:18:59,199 - dawn_latest - INFO - Scraped article: Age of anger
2024-12-31 23:19:01,661 - dawn_latest - INFO - Scraped article: Xi says China must apply ‘more proactive’ macroeconomic policies in 2025
2024-12-31 23:19:01,797 - dawn_latest - INFO - Scraped article: Thousands march in Bangladesh to mark student-led uprising that ousted PM Hasina
2024-12-31 23:19:05,423 - dawn_latest - INFO - Scraped article: Happy New Year from death row
2024-12-31 23:19:05,454 - dawn_latest - INFO - Scraping completed. Total articles scraped: 57
2024-12-31 23:24:04,402 - dawn_latest - INFO - Starting daily latest news scrape
2024-12-31 23:24:04,464 - dawn_latest - INFO - Found 60 articles on latest news page
2024-12-31 23:24:06,464 - dawn_latest - INFO - Scraped article: Chief minister of India’s Manipur state apologises for ethnic unrest
2024-12-31 23:24:09,606 - dawn_latest - INFO - Scraped article: WHO urges China to share Covid origins data
2024-12-31 23:24:12,067 - dawn_latest - INFO - Scraped article: KP govt hopes Kurram peace accord will be inked today
2024-12-31 23:24:12,082 - dawn_latest - INFO - Scraping completed. Total articles scraped: 3
2024-12-31 23:29:37,129 - dawn_latest - INFO - Starting daily latest news scrape
2024-12-31 23:29:37,160 - dawn_latest - INFO - Found 60 articles on latest news page
2024-12-31 23:29:39,221 - dawn_latest - WARNING - Could not parse date: December 31, 2024
2024-12-31 23:29:39,398 - dawn_latest - INFO - Scraped article: Puerto Rico’s power grid collapses, leaving island in the dark
2024-12-31 23:29:42,520 - dawn_latest - INFO - Scraped article: None
2024-12-31 23:29:42,662 - dawn_latest - INFO - Scraped article: South Korea starts releasing Jeju Air crash victims to families
2024-12-31 23:29:43,229 - dawn_latest - INFO - Scraped article: None
2024-12-31 23:29:45,104 - dawn_latest - INFO - Scraped article: None
2024-12-31 23:29:45,359 - dawn_latest - INFO - Scraped article: GB court sentences ex-CM Khalid Khurshid to 34 years of jail for threatening security institutions
2024-12-31 23:29:47,911 - dawn_latest - INFO - Scraped article: North Korea’s Kim vows to further solidify Russia ties in letter to Putin
2024-12-31 23:29:51,330 - dawn_latest - INFO - Scraped article: UN condemns Taliban ban on Afghan women working at NGOs
2024-12-31 23:29:53,163 - dawn_latest - INFO - Scraped article: Govt unveils ‘Uraan Pakistan’ 5-year transformation plan for economy
2024-12-31 23:29:54,867 - dawn_latest - INFO - Scraped article: Thousands march in Bangladesh to mark student-led uprising that ousted PM Hasina
2024-12-31 23:29:56,649 - dawn_latest - INFO - Scraped article: Chief minister of India’s Manipur state apologises for ethnic unrest
2024-12-31 23:29:59,745 - dawn_latest - INFO - Scraped article: China slams ‘groundless’ claims of cyberattack on US Treasury
2024-12-31 23:30:02,033 - dawn_latest - INFO - Scraped article: Protests against Parachinar killings ease in Karachi as several routes reopen
2024-12-31 23:30:05,218 - dawn_latest - INFO - Scraped article: None
2024-12-31 23:30:07,932 - dawn_latest - INFO - Scraped article: Five-year transformation plan for economy to be unveiled
2024-12-31 23:30:09,104 - dawn_latest - INFO - Scraped article: 2024 was ‘deadliest year’ for Pakistan’s security forces
2024-12-31 23:30:11,676 - dawn_latest - INFO - Scraped article: Gilani stresses political stability for economic growth
2024-12-31 23:30:14,486 - dawn_latest - INFO - Scraped article: Over 10,000 deported from Iran have their passports blocked
2024-12-31 23:30:16,871 - dawn_latest - INFO - Scraped article: Balochistan lawmakers hail Benazir for her courageous leadership
2024-12-31 23:30:19,721 - dawn_latest - INFO - Scraped article: President Zardari orders six banks to pay Rs24.13m to 31 victims of fraud
2024-12-31 23:30:22,319 - dawn_latest - INFO - Scraped article: Balochistan CM launches polio drive amid rising cases
2024-12-31 23:30:24,929 - dawn_latest - INFO - Scraped article: Hub sit-in ends after release of missing persons
2024-12-31 23:30:27,525 - dawn_latest - INFO - Scraped article: Wapda retain national women’s basketball title
2024-12-31 23:30:30,346 - dawn_latest - INFO - Scraped article: Five-star Liverpool thrash West Ham to stretch Premier League lead
2024-12-31 23:30:32,977 - dawn_latest - INFO - Scraped article: Sialkot book Quaid Trophy final date with Peshawar
2024-12-31 23:30:35,848 - dawn_latest - INFO - Scraped article: New Zealand thump Sri Lanka to clinch Twenty20 series
2024-12-31 23:30:38,433 - dawn_latest - INFO - Scraped article: Difference in market, official rate of flour, other food items exposes govt failure in Karachi
2024-12-31 23:30:41,053 - dawn_latest - INFO - Scraped article: With 149 outbreaks in Sindh, deadly measles makes a comeback
2024-12-31 23:30:43,407 - dawn_latest - INFO - Scraped article: Traffic woes continue in Karachi as MWM protests enter second week
2024-12-31 23:30:46,332 - dawn_latest - INFO - Scraped article: Multan’s Nishtar medics ‘quit’ to protest VC removal
2024-12-31 23:30:49,776 - dawn_latest - INFO - Scraped article: Bahawalpur suspect wanted in 34 cases ‘killed by accomplices’
2024-12-31 23:30:50,831 - dawn_latest - INFO - Scraped article: Four Lahore cops booked for robbing, harassing ex-officer
2024-12-31 23:30:53,954 - dawn_latest - INFO - Scraped article: Dir police officials demand allowance for polio duty
2024-12-31 23:30:56,698 - dawn_latest - INFO - Scraped article: KP assembly speaker orders security briefing by police chief amid concerns
2024-12-31 23:30:59,781 - dawn_latest - INFO - Scraped article: Health dept fails to take action on corruption probes against officials in KP
2024-12-31 23:31:01,836 - dawn_latest - INFO - Scraped article: Bannu residents protest ‘killing’ of two brothers by police
2024-12-31 23:31:03,094 - dawn_latest - INFO - Scraped article: Islamabad’s 10th Avenue project jumps extended deadline
2024-12-31 23:31:05,709 - dawn_latest - INFO - Scraped article: Overseas Pakistanis drawn to C-14 plots in Islamabad
2024-12-31 23:31:08,237 - dawn_latest - INFO - Scraped article: Commissioner takes strict notice of roads dug up for municipal services in Rawalpindi
2024-12-31 23:31:09,770 - dawn_latest - INFO - Scraped article: Climate change impacts grip globe in 2024
2024-12-31 23:31:11,633 - dawn_latest - INFO - Scraped article: None
2024-12-31 23:31:12,095 - dawn_latest - INFO - Scraped article: WHO demands Gaza hospital chief’s release
2024-12-31 23:31:14,135 - dawn_latest - INFO - Scraped article: South Korea orders safety probe after deadly airline crash
2024-12-31 23:31:16,164 - dawn_latest - INFO - Scraped article: KP govt hopes Kurram peace accord will be inked today
2024-12-31 23:31:18,771 - dawn_latest - INFO - Scraped article: 20 killed, over 30 injured in two road tragedies
2024-12-31 23:31:21,433 - dawn_latest - INFO - Scraped article: Polio tally climbs to 68 on cusp of new year
2024-12-31 23:31:24,211 - dawn_latest - INFO - Scraped article: Imran retained 108 Toshakhana gifts, court told
2024-12-31 23:31:25,809 - dawn_latest - INFO - Scraped article: WHO urges China to share Covid origins data
2024-12-31 23:31:28,626 - dawn_latest - INFO - Scraped article: 31 Kurdish, Turkish-backed fighters killed in Syria
2024-12-31 23:31:29,715 - dawn_latest - INFO - Scraped article: Study cautions against perils of AI-driven ‘intention economy’
2024-12-31 23:31:32,626 - dawn_latest - INFO - Scraped article: Germany accuses Musk of trying to influence polls
2024-12-31 23:31:36,965 - dawn_latest - INFO - Scraped article: Charter of economy
2024-12-31 23:31:38,881 - dawn_latest - INFO - Scraped article: Chinese teens jailed for classmate’s murder
2024-12-31 23:31:40,822 - dawn_latest - INFO - Scraped article: Russia, Ukraine exchange over 300 POWs
2024-12-31 23:31:42,420 - dawn_latest - INFO - Scraped article: Age of anger
2024-12-31 23:31:45,527 - dawn_latest - INFO - Scraped article: Happy New Year from death row
2024-12-31 23:31:47,894 - dawn_latest - INFO - Scraped article: Xi says China must apply ‘more proactive’ macroeconomic policies in 2025
2024-12-31 23:31:49,364 - dawn_latest - INFO - Scraped article: London Mayor Sadiq Khan handed knighthood as over 1,200 named in Britain’s New Year honours
2024-12-31 23:31:54,073 - dawn_latest - INFO - Scraped article: None
2024-12-31 23:31:54,088 - dawn_latest - INFO - Scraping completed. Total articles scraped: 59
