2025-01-05 17:11:32,431 - dawn_latest - INFO - Starting daily latest news scrape
2025-01-05 17:11:32,431 - dawn_latest - INFO - Found 0 articles on latest news page
2025-01-05 17:11:32,446 - dawn_latest - INFO - Scraping completed. Total articles scraped: 0
2025-01-05 17:12:47,295 - dawn_latest - INFO - Starting daily latest news scrape
2025-01-05 17:12:47,340 - dawn_latest - INFO - Found 60 articles on latest news page
2025-01-05 17:12:47,883 - dawn_latest - INFO - Scraped article: The day PPP withdraws support, federal govt will collapse: Shazia Marri
2025-01-05 17:12:48,036 - dawn_latest - INFO - Scraped article: None
2025-01-05 17:12:48,198 - dawn_latest - INFO - Scraped article: Australia win gripping fifth India Test to take series 3-1
2025-01-05 17:12:48,233 - dawn_latest - INFO - Scraped article: Pakistan reaffirms resolve to continue extending full support to Kashmiri people: PM Shehbaz
2025-01-05 17:12:48,348 - dawn_latest - INFO - Scraped article: THE FAILED PROMISES OF URBAN PLANNING
2025-01-05 17:12:48,381 - dawn_latest - INFO - Scraped article: Confused state
2025-01-05 17:12:48,480 - dawn_latest - INFO - Scraped article: SMOKERS’ CORNER: THE CURSE OF 'COLLAPSOLOGY'
2025-01-05 17:12:48,514 - dawn_latest - INFO - Scraped article: With advent of new year, PSX resumes record-setting spree
2025-01-05 17:12:48,558 - dawn_latest - INFO - Scraped article: Petrol­eum Exploration Limited acquires energy assets from Kuwaiti firm
2025-01-05 17:12:48,714 - dawn_latest - INFO - Scraped article: Asian Infra­structure Investment Bank to give $500m loan for N-5 construction
2025-01-05 17:12:48,763 - dawn_latest - INFO - Scraped article: Demand for costly dried fruit, nuts surges
2025-01-05 17:12:48,806 - dawn_latest - INFO - Scraped article: KP govt spokesperson vows peace ‘at all costs’, day after attack on Kurram DC
2025-01-05 17:12:48,847 - dawn_latest - INFO - Scraped article: Trump demands end to North Sea ‘windmills’
2025-01-05 17:12:48,891 - dawn_latest - INFO - Scraped article: Analysis: Pakistan to face double trouble if dollar is threatened
2025-01-05 17:12:48,933 - dawn_latest - INFO - Scraped article: 4 dead, 32 injured as bus targeted in blast in Balochistan’s Turbat: police
2025-01-05 17:12:49,075 - dawn_latest - INFO - Scraped article: South Korea protesters rally for, against Yoon arrest as deadline looms
2025-01-05 17:12:49,112 - dawn_latest - INFO - Scraped article: No economic stability if tension runs high: Ahsan
2025-01-05 17:12:49,189 - dawn_latest - INFO - Scraped article: Cartoonist quits Washington Post over rejection of sketch mocking owner
2025-01-05 17:12:49,257 - dawn_latest - INFO - Scraped article: Myanmar govt to release 6,000 prisoners
2025-01-05 17:12:49,275 - dawn_latest - INFO - Scraped article: Royal nanny’s stepson died in New Orleans attack
2025-01-05 17:12:49,321 - dawn_latest - INFO - Scraped article: Market fire kills eight in China
2025-01-05 17:12:49,363 - dawn_latest - INFO - Scraped article: Russia vows response after use of US  missiles by Ukraine
2025-01-05 17:12:49,480 - dawn_latest - INFO - Scraped article: US top doctor calls for cancer warnings on alcohol
2025-01-05 17:12:49,510 - dawn_latest - INFO - Scraped article: South Africa’s colourful minstrel carnival draws thousands
2025-01-05 17:12:49,557 - dawn_latest - INFO - Scraped article: World’s oldest person dies at 116 in Japan
2025-01-05 17:12:49,641 - dawn_latest - INFO - Scraped article: Brazil says 2024 was its hottest year on record
2025-01-05 17:12:49,692 - dawn_latest - INFO - Scraped article: HTS win in Syria rings alarm bells in Egypt
2025-01-05 17:12:49,925 - dawn_latest - INFO - Scraped article: Five children die from suffocation in Gujrat
2025-01-05 17:12:49,972 - dawn_latest - INFO - Scraped article: Balochistan MPAs oppose handing over Levies area to police
2025-01-05 17:12:50,105 - dawn_latest - INFO - Scraped article: Sindh CM Murad opens highway operations of Rescue 1122
2025-01-05 17:12:53,277 - dawn_latest - INFO - Scraping completed. Total articles scraped: 30
2025-01-05 17:14:12,459 - dawn_latest - INFO - Starting daily latest news scrape
2025-01-05 17:14:12,510 - dawn_latest - INFO - Found 60 articles on latest news page
2025-01-05 17:14:13,022 - dawn_latest - INFO - Scraped article: Musk projects his hard-right influence in Europe
2025-01-05 17:14:13,219 - dawn_latest - INFO - Scraped article: Govt orders halt to operations of two INGOs
2025-01-05 17:14:13,269 - dawn_latest - INFO - Scraped article: Terrorist hideouts destroyed during KP’s Karak operation
2025-01-05 17:14:13,323 - dawn_latest - INFO - Scraped article: Trump sentencing in hush money case set for Jan 10
2025-01-05 17:14:13,373 - dawn_latest - INFO - Scraped article: 80pc of traffic from faulty internet cable moved to other lines, says IT minister
2025-01-05 17:14:13,588 - dawn_latest - INFO - Scraped article: Soldier in Tesla blast suffered from PTSD: FBI
2025-01-05 17:14:13,663 - dawn_latest - INFO - Scraped article: Scholz slams ‘erratic’ Musk comments, support for far-right party
2025-01-05 17:14:13,750 - dawn_latest - INFO - Scraped article: NA committee defers briefing on Islamabad’s NPF plots controversy
2025-01-05 17:14:13,806 - dawn_latest - INFO - Scraped article: Another 70 Palestinians killed in Israeli strikes across Gaza
2025-01-05 17:14:13,958 - dawn_latest - INFO - Scraped article: Sanitation worker found ‘treating’ patient at Taxila THQ hospital
2025-01-05 17:14:14,009 - dawn_latest - INFO - Scraped article: PTI wants ‘real decision-makers’ in talks with govt
2025-01-05 17:14:14,270 - dawn_latest - INFO - Scraped article: Electric cables stolen from NAB headquarters
2025-01-05 17:14:14,351 - dawn_latest - INFO - Scraped article: Five FC men among six martyred in Kech blast
2025-01-05 17:14:14,436 - dawn_latest - INFO - Scraped article: 15 management cadre medics awaiting BPS-20 postings in KP
2025-01-05 17:14:14,629 - dawn_latest - INFO - Scraped article: Chinese scientist names spider species after pop songs
2025-01-05 17:14:14,674 - dawn_latest - INFO - Scraped article: A year of wins
2025-01-05 17:14:14,786 - dawn_latest - INFO - Scraped article: PTI asks govt to rethink its policy of internet ‘throttling’
2025-01-05 17:14:14,883 - dawn_latest - INFO - Scraped article: No end in sight to blockade of KKH over excessive loadshedding
2025-01-05 17:14:14,999 - dawn_latest - INFO - Scraped article: Govt to take another shot at separating IRS, Customs
2025-01-05 17:14:15,179 - dawn_latest - INFO - Scraped article: ‘Rested’ Rohit says not quitting Tests
2025-01-05 17:14:15,255 - dawn_latest - INFO - Scraped article: Real go top as late Bellingham strike earns win at Valencia
2025-01-05 17:14:15,409 - dawn_latest - INFO - Scraped article: Pant leads India’s  fightback in Sydney
2025-01-05 17:14:15,905 - dawn_latest - INFO - Scraped article: Angry at ‘substandard’ road work, Karachi mayor withholds contractor’s payment
2025-01-05 17:14:15,937 - dawn_latest - INFO - Scraped article: CTD man among seven remanded in police custody in kidnap case in Karachi
2025-01-05 17:14:16,013 - dawn_latest - INFO - Scraped article: Punjab governor dismisses 228 postings, promotions in University of Agriculture Faisalabad done by ex-VC
2025-01-05 17:14:16,054 - dawn_latest - INFO - Scraped article: Lahore continues to face poor air quality
2025-01-05 17:14:16,086 - dawn_latest - INFO - Scraped article: Shah Mehmood Qureshi calls for national unity on nuclear programme after Bilawal’s remarks
2025-01-05 17:14:16,130 - dawn_latest - INFO - Scraping completed. Total articles scraped: 27
